#
# There is insufficient memory for the Java Runtime Environment to continue.
# Native memory allocation (malloc) failed to allocate 472976 bytes for Chunk::new
# Possible reasons:
#   The system is out of physical RAM or swap space
#   The process is running with CompressedOops enabled, and the Java Heap may be blocking the growth of the native heap
# Possible solutions:
#   Reduce memory load on the system
#   Increase physical memory or swap space
#   Check if swap backing store is full
#   Decrease Java heap size (-Xmx/-Xms)
#   Decrease number of Java threads
#   Decrease Java thread stack sizes (-Xss)
#   Set larger code cache with -XX:ReservedCodeCacheSize=
#   JVM is running with Unscaled Compressed Oops mode in which the Java heap is
#     placed in the first 4GB address space. The Java Heap base address is the
#     maximum limit for the native heap growth. Please use -XX:HeapBaseMinAddress
#     to set the Java Heap base and to place the Java Heap above 4GB virtual address.
# This output file may be truncated or incomplete.
#
#  Out of Memory Error (allocation.cpp:389), pid=6548, tid=0x00000000000004b8
#
# JRE version: Java(TM) SE Runtime Environment (8.0_202-b08) (build 1.8.0_202-b08)
# Java VM: Java HotSpot(TM) 64-Bit Server VM (25.202-b08 mixed mode windows-amd64 compressed oops)
# Failed to write core dump. Minidumps are not enabled by default on client versions of Windows
#

---------------  T H R E A D  ---------------

Current thread (0x000000001941b800):  JavaThread "C2 CompilerThread0" daemon [_thread_in_native, id=1208, stack(0x0000000019a10000,0x0000000019b10000)]

Stack: [0x0000000019a10000,0x0000000019b10000]
[error occurred during error reporting (printing stack bounds), id 0xc0000005]

Native frames: (J=compiled Java code, j=interpreted, Vv=VM code, C=native code)


Current CompileTask:
C2:   4126 3262   !   4       java.net.URL::<init> (543 bytes)


---------------  P R O C E S S  ---------------

Java Threads: ( => current thread )
  0x000000001cc8e000 JavaThread "mysql-cj-abandoned-connection-cleanup" daemon [_thread_blocked, id=1224, stack(0x000000001ee60000,0x000000001ef60000)]
  0x000000001b4cc000 JavaThread "container-0" [_thread_blocked, id=7496, stack(0x000000001ed60000,0x000000001ee60000)]
  0x000000001b6ca800 JavaThread "Catalina-utility-2" [_thread_blocked, id=1228, stack(0x000000001ec60000,0x000000001ed60000)]
  0x000000001db39800 JavaThread "Catalina-utility-1" [_thread_blocked, id=5492, stack(0x000000001eb60000,0x000000001ec60000)]
  0x00000000194a9800 JavaThread "Service Thread" daemon [_thread_blocked, id=11460, stack(0x0000000019d10000,0x0000000019e10000)]
  0x0000000019426000 JavaThread "C1 CompilerThread2" daemon [_thread_blocked, id=10952, stack(0x0000000019c10000,0x0000000019d10000)]
  0x000000001941e800 JavaThread "C2 CompilerThread1" daemon [_thread_in_native, id=12328, stack(0x0000000019b10000,0x0000000019c10000)]
=>0x000000001941b800 JavaThread "C2 CompilerThread0" daemon [_thread_in_native, id=1208, stack(0x0000000019a10000,0x0000000019b10000)]
  0x000000001941a000 JavaThread "Attach Listener" daemon [_thread_blocked, id=6116, stack(0x0000000019910000,0x0000000019a10000)]
  0x000000001806e800 JavaThread "Signal Dispatcher" daemon [_thread_blocked, id=10872, stack(0x0000000019810000,0x0000000019910000)]
  0x0000000017ffb800 JavaThread "Finalizer" daemon [_thread_blocked, id=12480, stack(0x0000000019280000,0x0000000019380000)]
  0x0000000003436800 JavaThread "Reference Handler" daemon [_thread_blocked, id=3360, stack(0x0000000019180000,0x0000000019280000)]
  0x0000000003346800 JavaThread "main" [_thread_in_Java, id=10544, stack(0x0000000003240000,0x0000000003340000)]

Other Threads:
  0x0000000017fd7000 VMThread [stack: 0x0000000019080000,0x0000000019180000] [id=12144]
  0x00000000194af000 WatcherThread [stack: 0x0000000019e10000,0x0000000019f10000] [id=11480]

VM state:not at safepoint (normal execution)

VM Mutex/Monitor currently owned by a thread: None

heap address: 0x0000000080e00000, size: 2034 MB, Compressed Oops mode: 32-bit
Narrow klass base: 0x0000000000000000, Narrow klass shift: 3
Compressed class space size: 1073741824 Address: 0x0000000100000000

Heap:
 PSYoungGen      total 126976K, used 32587K [0x00000000d5a00000, 0x00000000ded00000, 0x0000000100000000)
  eden space 117248K, 27% used [0x00000000d5a00000,0x00000000d79d2f00,0x00000000dcc80000)
  from space 9728K, 0% used [0x00000000dda00000,0x00000000dda00000,0x00000000de380000)
  to   space 8192K, 0% used [0x00000000de500000,0x00000000de500000,0x00000000ded00000)
 ParOldGen       total 51712K, used 15696K [0x0000000080e00000, 0x0000000084080000, 0x00000000d5a00000)
  object space 51712K, 30% used [0x0000000080e00000,0x0000000081d54338,0x0000000084080000)
 Metaspace       used 36598K, capacity 38840K, committed 39128K, reserved 1083392K
  class space    used 4938K, capacity 5367K, committed 5376K, reserved 1048576K

Card table byte_map: [0x0000000012800000,0x0000000012c00000] byte_map_base: 0x00000000123f9000

Marking Bits: (ParMarkBitMap*) 0x000000005ffb5ce0
 Begin Bits: [0x00000000132b0000, 0x0000000015278000)
 End Bits:   [0x0000000015278000, 0x0000000017240000)

Polling page: 0x0000000001600000

CodeCache: size=245760Kb used=11924Kb max_used=11947Kb free=233836Kb
 bounds [0x0000000003440000, 0x0000000004000000, 0x0000000012440000]
 total_blobs=3671 nmethods=3261 adapters=322
 compilation: enabled

Compilation events (10 events):
Event: 4.010 Thread 0x0000000019426000 nmethod 3260 0x0000000003fdb450 code [0x0000000003fdb5c0, 0x0000000003fdb7a8]
Event: 4.023 Thread 0x000000001941b800 3261  s    4       java.lang.StringBuffer::toString (36 bytes)
Event: 4.026 Thread 0x000000001941b800 nmethod 3261 0x0000000003fe2bd0 code [0x0000000003fe2d20, 0x0000000003fe32b8]
Event: 4.034 Thread 0x000000001941b800 3262   !   4       java.net.URL::<init> (543 bytes)
Event: 4.080 Thread 0x000000001941e800 nmethod 3257 0x0000000003fe9510 code [0x0000000003fe9a20, 0x0000000003fee238]
Event: 4.080 Thread 0x000000001941e800 3263       4       java.lang.ClassLoader::loadClass (7 bytes)
Event: 4.086 Thread 0x0000000019426000 3264       1       org.apache.logging.log4j.Level::getStandardLevel (5 bytes)
Event: 4.086 Thread 0x0000000019426000 nmethod 3264 0x0000000003fdca50 code [0x0000000003fdcba0, 0x0000000003fdccb0]
Event: 4.103 Thread 0x0000000019426000 3265       3       java.lang.invoke.BoundMethodHandle$Species_L::make (11 bytes)
Event: 4.104 Thread 0x0000000019426000 nmethod 3265 0x0000000003fda890 code [0x0000000003fdaa00, 0x0000000003fdac68]

GC Heap History (10 events):
Event: 1.688 GC heap before
{Heap before GC invocations=5 (full 0):
 PSYoungGen      total 71680K, used 26954K [0x00000000d5a00000, 0x00000000da500000, 0x0000000100000000)
  eden space 66560K, 32% used [0x00000000d5a00000,0x00000000d6f622c0,0x00000000d9b00000)
  from space 5120K, 98% used [0x00000000da000000,0x00000000da4f06b0,0x00000000da500000)
  to   space 5120K, 0% used [0x00000000d9b00000,0x00000000d9b00000,0x00000000da000000)
 ParOldGen       total 87552K, used 5742K [0x0000000080e00000, 0x0000000086380000, 0x00000000d5a00000)
  object space 87552K, 6% used [0x0000000080e00000,0x000000008139b948,0x0000000086380000)
 Metaspace       used 20216K, capacity 21120K, committed 21248K, reserved 1067008K
  class space    used 2520K, capacity 2724K, committed 2816K, reserved 1048576K
Event: 1.695 GC heap after
Heap after GC invocations=5 (full 0):
 PSYoungGen      total 71680K, used 5090K [0x00000000d5a00000, 0x00000000dee00000, 0x0000000100000000)
  eden space 66560K, 0% used [0x00000000d5a00000,0x00000000d5a00000,0x00000000d9b00000)
  from space 5120K, 99% used [0x00000000d9b00000,0x00000000d9ff8860,0x00000000da000000)
  to   space 9216K, 0% used [0x00000000de500000,0x00000000de500000,0x00000000dee00000)
 ParOldGen       total 87552K, used 7610K [0x0000000080e00000, 0x0000000086380000, 0x00000000d5a00000)
  object space 87552K, 8% used [0x0000000080e00000,0x000000008156e9a0,0x0000000086380000)
 Metaspace       used 20216K, capacity 21120K, committed 21248K, reserved 1067008K
  class space    used 2520K, capacity 2724K, committed 2816K, reserved 1048576K
}
Event: 1.695 GC heap before
{Heap before GC invocations=6 (full 1):
 PSYoungGen      total 71680K, used 5090K [0x00000000d5a00000, 0x00000000dee00000, 0x0000000100000000)
  eden space 66560K, 0% used [0x00000000d5a00000,0x00000000d5a00000,0x00000000d9b00000)
  from space 5120K, 99% used [0x00000000d9b00000,0x00000000d9ff8860,0x00000000da000000)
  to   space 9216K, 0% used [0x00000000de500000,0x00000000de500000,0x00000000dee00000)
 ParOldGen       total 87552K, used 7610K [0x0000000080e00000, 0x0000000086380000, 0x00000000d5a00000)
  object space 87552K, 8% used [0x0000000080e00000,0x000000008156e9a0,0x0000000086380000)
 Metaspace       used 20216K, capacity 21120K, committed 21248K, reserved 1067008K
  class space    used 2520K, capacity 2724K, committed 2816K, reserved 1048576K
Event: 1.718 GC heap after
Heap after GC invocations=6 (full 1):
 PSYoungGen      total 71680K, used 0K [0x00000000d5a00000, 0x00000000dee00000, 0x0000000100000000)
  eden space 66560K, 0% used [0x00000000d5a00000,0x00000000d5a00000,0x00000000d9b00000)
  from space 5120K, 0% used [0x00000000d9b00000,0x00000000d9b00000,0x00000000da000000)
  to   space 9216K, 0% used [0x00000000de500000,0x00000000de500000,0x00000000dee00000)
 ParOldGen       total 51712K, used 6877K [0x0000000080e00000, 0x0000000084080000, 0x00000000d5a00000)
  object space 51712K, 13% used [0x0000000080e00000,0x00000000814b7700,0x0000000084080000)
 Metaspace       used 20216K, capacity 21120K, committed 21248K, reserved 1067008K
  class space    used 2520K, capacity 2724K, committed 2816K, reserved 1048576K
}
Event: 2.640 GC heap before
{Heap before GC invocations=7 (full 1):
 PSYoungGen      total 71680K, used 66560K [0x00000000d5a00000, 0x00000000dee00000, 0x0000000100000000)
  eden space 66560K, 100% used [0x00000000d5a00000,0x00000000d9b00000,0x00000000d9b00000)
  from space 5120K, 0% used [0x00000000d9b00000,0x00000000d9b00000,0x00000000da000000)
  to   space 9216K, 0% used [0x00000000de500000,0x00000000de500000,0x00000000dee00000)
 ParOldGen       total 51712K, used 6877K [0x0000000080e00000, 0x0000000084080000, 0x00000000d5a00000)
  object space 51712K, 13% used [0x0000000080e00000,0x00000000814b7700,0x0000000084080000)
 Metaspace       used 25404K, capacity 26878K, committed 27136K, reserved 1073152K
  class space    used 3278K, capacity 3569K, committed 3584K, reserved 1048576K
Event: 2.649 GC heap after
Heap after GC invocations=7 (full 1):
 PSYoungGen      total 125440K, used 7985K [0x00000000d5a00000, 0x00000000ded00000, 0x0000000100000000)
  eden space 117248K, 0% used [0x00000000d5a00000,0x00000000d5a00000,0x00000000dcc80000)
  from space 8192K, 97% used [0x00000000de500000,0x00000000deccc4e8,0x00000000ded00000)
  to   space 9728K, 0% used [0x00000000dda00000,0x00000000dda00000,0x00000000de380000)
 ParOldGen       total 51712K, used 6885K [0x0000000080e00000, 0x0000000084080000, 0x00000000d5a00000)
  object space 51712K, 13% used [0x0000000080e00000,0x00000000814b9700,0x0000000084080000)
 Metaspace       used 25404K, capacity 26878K, committed 27136K, reserved 1073152K
  class space    used 3278K, capacity 3569K, committed 3584K, reserved 1048576K
}
Event: 3.704 GC heap before
{Heap before GC invocations=8 (full 1):
 PSYoungGen      total 125440K, used 111236K [0x00000000d5a00000, 0x00000000ded00000, 0x0000000100000000)
  eden space 117248K, 88% used [0x00000000d5a00000,0x00000000dbed4c00,0x00000000dcc80000)
  from space 8192K, 97% used [0x00000000de500000,0x00000000deccc4e8,0x00000000ded00000)
  to   space 9728K, 0% used [0x00000000dda00000,0x00000000dda00000,0x00000000de380000)
 ParOldGen       total 51712K, used 6885K [0x0000000080e00000, 0x0000000084080000, 0x00000000d5a00000)
  object space 51712K, 13% used [0x0000000080e00000,0x00000000814b9700,0x0000000084080000)
 Metaspace       used 33248K, capacity 35360K, committed 35416K, reserved 1079296K
  class space    used 4297K, capacity 4722K, committed 4736K, reserved 1048576K
Event: 3.716 GC heap after
Heap after GC invocations=8 (full 1):
 PSYoungGen      total 126976K, used 9710K [0x00000000d5a00000, 0x00000000ded00000, 0x0000000100000000)
  eden space 117248K, 0% used [0x00000000d5a00000,0x00000000d5a00000,0x00000000dcc80000)
  from space 9728K, 99% used [0x00000000dda00000,0x00000000de37ba58,0x00000000de380000)
  to   space 8192K, 0% used [0x00000000de500000,0x00000000de500000,0x00000000ded00000)
 ParOldGen       total 51712K, used 8169K [0x0000000080e00000, 0x0000000084080000, 0x00000000d5a00000)
  object space 51712K, 15% used [0x0000000080e00000,0x00000000815fa438,0x0000000084080000)
 Metaspace       used 33248K, capacity 35360K, committed 35416K, reserved 1079296K
  class space    used 4297K, capacity 4722K, committed 4736K, reserved 1048576K
}
Event: 3.716 GC heap before
{Heap before GC invocations=9 (full 2):
 PSYoungGen      total 126976K, used 9710K [0x00000000d5a00000, 0x00000000ded00000, 0x0000000100000000)
  eden space 117248K, 0% used [0x00000000d5a00000,0x00000000d5a00000,0x00000000dcc80000)
  from space 9728K, 99% used [0x00000000dda00000,0x00000000de37ba58,0x00000000de380000)
  to   space 8192K, 0% used [0x00000000de500000,0x00000000de500000,0x00000000ded00000)
 ParOldGen       total 51712K, used 8169K [0x0000000080e00000, 0x0000000084080000, 0x00000000d5a00000)
  object space 51712K, 15% used [0x0000000080e00000,0x00000000815fa438,0x0000000084080000)
 Metaspace       used 33248K, capacity 35360K, committed 35416K, reserved 1079296K
  class space    used 4297K, capacity 4722K, committed 4736K, reserved 1048576K
Event: 3.778 GC heap after
Heap after GC invocations=9 (full 2):
 PSYoungGen      total 126976K, used 0K [0x00000000d5a00000, 0x00000000ded00000, 0x0000000100000000)
  eden space 117248K, 0% used [0x00000000d5a00000,0x00000000d5a00000,0x00000000dcc80000)
  from space 9728K, 0% used [0x00000000dda00000,0x00000000dda00000,0x00000000de380000)
  to   space 8192K, 0% used [0x00000000de500000,0x00000000de500000,0x00000000ded00000)
 ParOldGen       total 51712K, used 15696K [0x0000000080e00000, 0x0000000084080000, 0x00000000d5a00000)
  object space 51712K, 30% used [0x0000000080e00000,0x0000000081d54338,0x0000000084080000)
 Metaspace       used 33248K, capacity 35360K, committed 35416K, reserved 1079296K
  class space    used 4297K, capacity 4722K, committed 4736K, reserved 1048576K
}

Deoptimization events (10 events):
Event: 3.254 Thread 0x0000000003346800 Uncommon trap: reason=unstable_if action=reinterpret pc=0x0000000003727a3c method=java.lang.CharacterDataLatin1.isWhitespace(I)Z @ 14
Event: 3.267 Thread 0x0000000003346800 Uncommon trap: reason=null_assert action=make_not_entrant pc=0x0000000003938f70 method=java.util.jar.JarFile.maybeInstantiateVerifier()V @ 4
Event: 3.269 Thread 0x0000000003346800 Uncommon trap: reason=null_assert action=make_not_entrant pc=0x0000000003e52bf8 method=java.util.jar.JarFile.maybeInstantiateVerifier()V @ 4
Event: 3.269 Thread 0x0000000003346800 Uncommon trap: reason=unstable_if action=reinterpret pc=0x00000000039732f8 method=sun.nio.fs.WindowsPathParser.isSlash(C)Z @ 9
Event: 3.429 Thread 0x000000001cc8e000 Uncommon trap: reason=unstable_if action=reinterpret pc=0x0000000003e25824 method=java.net.URL.<init>(Ljava/net/URL;Ljava/lang/String;Ljava/net/URLStreamHandler;)V @ 57
Event: 3.431 Thread 0x0000000003346800 Uncommon trap: reason=unstable_if action=reinterpret pc=0x0000000003692c00 method=java.lang.AbstractStringBuilder.append(Ljava/lang/String;)Ljava/lang/AbstractStringBuilder; @ 1
Event: 3.443 Thread 0x000000001cc8e000 Uncommon trap: reason=unstable_if action=reinterpret pc=0x0000000003ecc634 method=java.net.URLStreamHandler.parseURL(Ljava/net/URL;Ljava/lang/String;II)V @ 57
Event: 3.444 Thread 0x0000000003346800 Uncommon trap: reason=unstable_if action=reinterpret pc=0x0000000003deee48 method=java.util.concurrent.ConcurrentHashMap.get(Ljava/lang/Object;)Ljava/lang/Object; @ 152
Event: 3.458 Thread 0x0000000003346800 Uncommon trap: reason=unstable_if action=reinterpret pc=0x0000000003a6c74c method=org.springframework.boot.context.properties.source.ConfigurationPropertyName.getElement(ILorg/springframework/boot/context/properties/source/ConfigurationPropertyName$Form;)
Event: 3.833 Thread 0x0000000003346800 Uncommon trap: reason=unstable_if action=reinterpret pc=0x0000000003af2480 method=java.lang.ClassLoader.getClassLoadingLock(Ljava/lang/String;)Ljava/lang/Object; @ 6

Classes redefined (0 events):
No events

Internal exceptions (10 events):
Event: 2.546 Thread 0x0000000003346800 Exception <a 'java/lang/ClassNotFoundException': org/springframework/beans/factory/AwareCustomizer> (0x00000000d9662b10) thrown at [C:\re\workspace\8-2-build-windows-amd64-cygwin\jdk8u202\12323\hotspot\src\share\vm\classfile\systemDictionary.cpp, line 210
Event: 2.546 Thread 0x0000000003346800 Implicit null exception at 0x0000000003bc0b8c to 0x0000000003bc0d0d
Event: 2.621 Thread 0x0000000003346800 Exception <a 'java/lang/NoSuchMethodError': java.lang.Object.lambda$map$1(Ljava/util/function/Function;)Ljava/util/stream/Stream;> (0x00000000d9a1b5f0) thrown at [C:\re\workspace\8-2-build-windows-amd64-cygwin\jdk8u202\12323\hotspot\src\share\vm\interpret
Event: 2.773 Thread 0x0000000003346800 Exception <a 'java/lang/IncompatibleClassChangeError': Found class java.lang.Object, but interface was expected> (0x00000000d6099bb8) thrown at [C:\re\workspace\8-2-build-windows-amd64-cygwin\jdk8u202\12323\hotspot\src\share\vm\interpreter\linkResolver.cp
Event: 3.300 Thread 0x0000000003346800 Exception <a 'java/io/FileNotFoundException'> (0x00000000d9f92a80) thrown at [C:\re\workspace\8-2-build-windows-amd64-cygwin\jdk8u202\12323\hotspot\src\share\vm\prims\jni.cpp, line 710]
Event: 3.300 Thread 0x0000000003346800 Exception <a 'java/io/FileNotFoundException'> (0x00000000d9f93b48) thrown at [C:\re\workspace\8-2-build-windows-amd64-cygwin\jdk8u202\12323\hotspot\src\share\vm\prims\jni.cpp, line 710]
Event: 3.375 Thread 0x0000000003346800 Exception <a 'java/lang/NoSuchMethodError': java.lang.Object.lambda$comparingLong$6043328a$1(Ljava/util/function/ToLongFunction;Ljava/lang/Object;Ljava/lang/Object;)I> (0x00000000da4711d0) thrown at [C:\re\workspace\8-2-build-windows-amd64-cygwin\jdk8u202
Event: 3.385 Thread 0x0000000003346800 Exception <a 'java/io/FileNotFoundException'> (0x00000000da4ca428) thrown at [C:\re\workspace\8-2-build-windows-amd64-cygwin\jdk8u202\12323\hotspot\src\share\vm\prims\jni.cpp, line 710]
Event: 3.431 Thread 0x0000000003346800 Implicit null exception at 0x0000000003692856 to 0x0000000003692be9
Event: 3.814 Thread 0x0000000003346800 Exception <a 'java/lang/ClassNotFoundException': java/lang/Module> (0x00000000d5ccb340) thrown at [C:\re\workspace\8-2-build-windows-amd64-cygwin\jdk8u202\12323\hotspot\src\share\vm\classfile\systemDictionary.cpp, line 210]

Events (10 events):
Event: 4.122 loading class org/hibernate/boot/archive/scan/internal/DisabledScanner
Event: 4.122 loading class org/hibernate/boot/archive/scan/internal/DisabledScanner done
Event: 4.122 loading class org/hibernate/boot/archive/scan/spi/ScanResult
Event: 4.122 loading class org/hibernate/boot/archive/scan/spi/ScanResult done
Event: 4.122 loading class org/hibernate/boot/archive/scan/internal/ScanResultImpl
Event: 4.122 loading class org/hibernate/boot/archive/scan/internal/ScanResultImpl done
Event: 4.122 loading class org/hibernate/boot/archive/scan/internal/StandardScanParameters
Event: 4.122 loading class org/hibernate/boot/archive/scan/internal/StandardScanParameters done
Event: 4.123 loading class org/hibernate/boot/internal/InFlightMetadataCollectorImpl
Event: 4.123 loading class org/hibernate/boot/internal/InFlightMetadataCollectorImpl done


Dynamic libraries:
0x00007ff6404c0000 - 0x00007ff6404f7000 	C:\Program Files\Java\jdk1.8.0_202\bin\java.exe
0x00007ffebed20000 - 0x00007ffebef10000 	C:\Windows\SYSTEM32\ntdll.dll
0x00007ffebd670000 - 0x00007ffebd722000 	C:\Windows\System32\KERNEL32.DLL
0x00007ffebc880000 - 0x00007ffebcb25000 	C:\Windows\System32\KERNELBASE.dll
0x00007ffebcea0000 - 0x00007ffebcf43000 	C:\Windows\System32\ADVAPI32.dll
0x00007ffebebd0000 - 0x00007ffebec6e000 	C:\Windows\System32\msvcrt.dll
0x00007ffebd4a0000 - 0x00007ffebd537000 	C:\Windows\System32\sechost.dll
0x00007ffebddc0000 - 0x00007ffebdedf000 	C:\Windows\System32\RPCRT4.dll
0x00007ffebd1c0000 - 0x00007ffebd354000 	C:\Windows\System32\USER32.dll
0x00007ffebc850000 - 0x00007ffebc871000 	C:\Windows\System32\win32u.dll
0x00007ffebcf50000 - 0x00007ffebcf76000 	C:\Windows\System32\GDI32.dll
0x00007ffebcb30000 - 0x00007ffebccc8000 	C:\Windows\System32\gdi32full.dll
0x00007ffebbf70000 - 0x00007ffebc00e000 	C:\Windows\System32\msvcp_win.dll
0x00007ffebbc90000 - 0x00007ffebbd8a000 	C:\Windows\System32\ucrtbase.dll
0x00007ffea59c0000 - 0x00007ffea5c44000 	C:\Windows\WinSxS\amd64_microsoft.windows.common-controls_6595b64144ccf1df_6.0.18362.1500_none_9e79be6de462295c\COMCTL32.dll
0x00007ffebd7a0000 - 0x00007ffebdad6000 	C:\Windows\System32\combase.dll
0x00007ffebc010000 - 0x00007ffebc091000 	C:\Windows\System32\bcryptPrimitives.dll
0x00007ffebdfa0000 - 0x00007ffebdfce000 	C:\Windows\System32\IMM32.DLL
0x0000000065170000 - 0x0000000065242000 	C:\Program Files\Java\jdk1.8.0_202\jre\bin\msvcr100.dll
0x000000005f790000 - 0x0000000060035000 	C:\Program Files\Java\jdk1.8.0_202\jre\bin\server\jvm.dll
0x00007ffebddb0000 - 0x00007ffebddb8000 	C:\Windows\System32\PSAPI.DLL
0x00007ffeb8510000 - 0x00007ffeb8519000 	C:\Windows\SYSTEM32\WSOCK32.dll
0x00007ffebdc90000 - 0x00007ffebdcff000 	C:\Windows\System32\WS2_32.dll
0x00007ffeb9a50000 - 0x00007ffeb9a74000 	C:\Windows\SYSTEM32\WINMM.dll
0x00007ffeb6480000 - 0x00007ffeb648a000 	C:\Windows\SYSTEM32\VERSION.dll
0x00007ffeb9a20000 - 0x00007ffeb9a4d000 	C:\Windows\SYSTEM32\WINMMBASE.dll
0x00007ffebcd80000 - 0x00007ffebcdca000 	C:\Windows\System32\cfgmgr32.dll
0x00007ffeb1680000 - 0x00007ffeb168f000 	C:\Program Files\Java\jdk1.8.0_202\jre\bin\verify.dll
0x00007ffea22c0000 - 0x00007ffea22e9000 	C:\Program Files\Java\jdk1.8.0_202\jre\bin\java.dll
0x00007ffea16e0000 - 0x00007ffea16f6000 	C:\Program Files\Java\jdk1.8.0_202\jre\bin\zip.dll
0x00007ffebdfd0000 - 0x00007ffebe6b8000 	C:\Windows\System32\SHELL32.dll
0x00007ffebd540000 - 0x00007ffebd5e7000 	C:\Windows\System32\shcore.dll
0x00007ffebc0d0000 - 0x00007ffebc84b000 	C:\Windows\System32\windows.storage.dll
0x00007ffebbc70000 - 0x00007ffebbc8e000 	C:\Windows\System32\profapi.dll
0x00007ffebbbe0000 - 0x00007ffebbc2a000 	C:\Windows\System32\powrprof.dll
0x00007ffebbbd0000 - 0x00007ffebbbe0000 	C:\Windows\System32\UMPDC.dll
0x00007ffebdee0000 - 0x00007ffebdf32000 	C:\Windows\System32\shlwapi.dll
0x00007ffebbc50000 - 0x00007ffebbc61000 	C:\Windows\System32\kernel.appcore.dll
0x00007ffebbdf0000 - 0x00007ffebbe07000 	C:\Windows\System32\cryptsp.dll
0x00007ffeb1490000 - 0x00007ffeb149d000 	C:\Program Files\Java\jdk1.8.0_202\jre\bin\management.dll
0x00007ffe9ceb0000 - 0x00007ffe9ceca000 	C:\Program Files\Java\jdk1.8.0_202\jre\bin\net.dll
0x00007ffeadf30000 - 0x00007ffeae107000 	C:\Windows\SYSTEM32\urlmon.dll
0x00007ffeadc70000 - 0x00007ffeadf17000 	C:\Windows\SYSTEM32\iertutil.dll
0x00007ffebb580000 - 0x00007ffebb58c000 	C:\Windows\SYSTEM32\CRYPTBASE.DLL
0x00007ffebb3b0000 - 0x00007ffebb417000 	C:\Windows\system32\mswsock.dll
0x00007ffea3b20000 - 0x00007ffea3b36000 	C:\Windows\system32\napinsp.dll
0x00007ffea3b00000 - 0x00007ffea3b1a000 	C:\Windows\system32\pnrpnsp.dll
0x00007ffea3380000 - 0x00007ffea3395000 	C:\Windows\system32\wshbth.dll
0x00007ffeb8410000 - 0x00007ffeb842c000 	C:\Windows\system32\NLAapi.dll
0x00007ffebb0c0000 - 0x00007ffebb0fa000 	C:\Windows\SYSTEM32\IPHLPAPI.DLL
0x00007ffebb100000 - 0x00007ffebb1cb000 	C:\Windows\SYSTEM32\DNSAPI.dll
0x00007ffebcf80000 - 0x00007ffebcf88000 	C:\Windows\System32\NSI.dll
0x00007ffea3b80000 - 0x00007ffea3b8e000 	C:\Windows\System32\winrnr.dll
0x00007ffeb5500000 - 0x00007ffeb550a000 	C:\Windows\System32\rasadhlp.dll
0x00007ffeb58a0000 - 0x00007ffeb5917000 	C:\Windows\System32\fwpuclnt.dll
0x00007ffebc0a0000 - 0x00007ffebc0c6000 	C:\Windows\System32\bcrypt.dll
0x00007ffea1830000 - 0x00007ffea1842000 	C:\Program Files\Java\jdk1.8.0_202\jre\bin\nio.dll
0x00007ffebaf30000 - 0x00007ffebaf63000 	C:\Windows\system32\rsaenh.dll
0x00007ffebbac0000 - 0x00007ffebbae5000 	C:\Windows\SYSTEM32\USERENV.dll
0x00007ffeb6680000 - 0x00007ffeb6696000 	C:\Windows\SYSTEM32\dhcpcsvc6.DLL
0x00007ffeb6660000 - 0x00007ffeb667c000 	C:\Windows\SYSTEM32\dhcpcsvc.DLL
0x00007ffea3400000 - 0x00007ffea3424000 	C:\Program Files\Java\jdk1.8.0_202\jre\bin\sunec.dll
0x00007ffeb15f0000 - 0x00007ffeb15fb000 	C:\Program Files\Java\jdk1.8.0_202\jre\bin\sunmscapi.dll
0x00007ffebbe10000 - 0x00007ffebbf61000 	C:\Windows\System32\CRYPT32.dll
0x00007ffebbc30000 - 0x00007ffebbc42000 	C:\Windows\System32\MSASN1.dll

VM Arguments:
jvm_args: -Dfile.encoding=x-windows-949 -Duser.country=KR -Duser.language=ko -Duser.variant 
java_command: com.Springweb.Webstart
java_class_path (initial): C:\Users\win7\Desktop\Springweb\build\classes\java\main;C:\Users\win7\Desktop\Springweb\build\resources\main;C:\Users\win7\.gradle\caches\modules-2\files-2.1\org.springframework.boot\spring-boot-starter-web\2.7.5\bb4099d0466a62c3b11ab9323babca13bb430a2e\spring-boot-starter-web-2.7.5.jar;C:\Users\win7\.gradle\caches\modules-2\files-2.1\org.springframework.boot\spring-boot-starter-data-jpa\2.7.5\b83184467079d5b808fb2f9fbc858b1804975808\spring-boot-starter-data-jpa-2.7.5.jar;C:\Users\win7\.gradle\caches\modules-2\files-2.1\org.springframework.boot\spring-boot-starter-mail\2.7.5\f36261f4cc30d8a8a70c5db617c57ea0c00170b5\spring-boot-starter-mail-2.7.5.jar;C:\Users\win7\.gradle\caches\modules-2\files-2.1\com.mysql\mysql-connector-j\8.0.31\3fd5850719d7e82d50705d34cc6a0037fab5731f\mysql-connector-j-8.0.31.jar;C:\Users\win7\.gradle\caches\modules-2\files-2.1\org.springframework.boot\spring-boot-starter-json\2.7.5\9c7df04ff37b2e7471632ddeb4a296c5fb6bddee\spring-boot-starter-json-2.7.5.jar;C:\Users\win7\.gradle\caches\modules-2\files-2.1\org.springframework.boot\spring-boot-starter-aop\2.7.5\ea4b85395faaa3a382f2a582e4bf023d088d320e\spring-boot-starter-aop-2.7.5.jar;C:\Users\win7\.gradle\caches\modules-2\files-2.1\org.springframework.boot\spring-boot-starter-jdbc\2.7.5\b57c3f8fb2fe235a8ff368755092371423bbc5b3\spring-boot-starter-jdbc-2.7.5.jar;C:\Users\win7\.gradle\caches\modules-2\files-2.1\org.springframework.boot\spring-boot-starter\2.7.5\c28e1546461803490588085345ba5d2897d232bc\spring-boot-starter-2.7.5.jar;C:\Users\win7\.gradle\caches\modules-2\files-2.1\org.springframework.boot\spring-boot-starter-tomcat\2.7.5\eb7849c52953de44d9712adf45398ccb1a7d4295\spring-boot-starter-tomcat-2.7.5.jar;C:\Users\win7\.gradle\caches\modules-2\files-2.1\org.springframework\spring-webmvc\5.3.23\b163527c275b0374371890c0b76c2a2a09f9804b\spring-webmvc-5.3.23.jar;C:\Users\win7\.gradle\caches\modules-2\files-2.1\org.springframework\spring-web\5.3.23\193f5276092d9cbe322
Launcher Type: SUN_STANDARD

Environment Variables:
JAVA_HOME=C:\Program Files\Java\jdk-18.0.2
PATH=C:\Program Files\Common Files\Oracle\Java\javapath;C:\Program Files (x86)\Common Files\Oracle\Java\javapath;C:\Program Files (x86)\NAT Service;C:\WINDOWS\system32;C:\WINDOWS;C:\WINDOWS\System32\Wbem;C:\WINDOWS\System32\WindowsPowerShell\v1.0\;C:\WINDOWS\System32\OpenSSH\;C:\Program Files\Java\jdk-15.0.1\bin;C:\Program Files (x86)\NVIDIA Corporation\PhysX\Common;C:\Program Files\NVIDIA Corporation\NVIDIA NvDLISR;C:\Program Files\Java\jdk1.8.0_271\bin;C:\Users\win7\AppData\Roaming\nvm;C:\Program Files\nodejs;C:\Program Files\Git\cmd;C:\ProgramData\chocolatey\bin;C:\Program Files\OpenJDK\openjdk-8u332-b09\bin;E:\sdk\platform-tools;C:\Program Files\Java\jdk-18.0.2\bin;%JAVA_HOME%\bin;C:\Users\win7\AppData\Local\Microsoft\WindowsApps;C:\Users\win7\AppData\Local\atom\bin;C:\Users\win7\AppData\Local\afreeca;E:\Microsoft VS Code\bin;C:\Users\win7\AppData\Roaming\npm;C:\Users\win7\AppData\Roaming\nvm;C:\Program Files\nodejs;C:\Users\win7\AppData\Local\GitHubDesktop\bin;C:\Program Files\heroku\bin;C:\Program Files\Git\cmd;C:\Program Files\mysql-8.0.29-winx64\bin;C:\Program Files\MySQL\MySQL Server 8.0\bin;
USERNAME=win7
OS=Windows_NT
PROCESSOR_IDENTIFIER=Intel64 Family 6 Model 60 Stepping 3, GenuineIntel



---------------  S Y S T E M  ---------------

OS: Windows 10.0 , 64 bit Build 18362 (10.0.18362.1500)

CPU:total 4 (initial active 4) (4 cores per cpu, 1 threads per core) family 6 model 60 stepping 3, cmov, cx8, fxsr, mmx, sse, sse2, sse3, ssse3, sse4.1, sse4.2, popcnt, avx, avx2, aes, clmul, erms, lzcnt, tsc, tscinvbit, bmi1, bmi2

Memory: 4k page, physical 8325612k(1051420k free), swap 16157164k(3120k free)

vm_info: Java HotSpot(TM) 64-Bit Server VM (25.202-b08) for windows-amd64 JRE (1.8.0_202-b08), built on Dec 15 2018 19:54:30 by "java_re" with MS VC++ 10.0 (VS2010)

time: Sat Nov 26 20:44:10 2022
timezone: 대한민국 표준시
elapsed time: 4 seconds (0d 0h 0m 4s)

