#
# There is insufficient memory for the Java Runtime Environment to continue.
# Native memory allocation (malloc) failed to allocate 1626928 bytes for Chunk::new
# Possible reasons:
#   The system is out of physical RAM or swap space
#   The process is running with CompressedOops enabled, and the Java Heap may be blocking the growth of the native heap
# Possible solutions:
#   Reduce memory load on the system
#   Increase physical memory or swap space
#   Check if swap backing store is full
#   Decrease Java heap size (-Xmx/-Xms)
#   Decrease number of Java threads
#   Decrease Java thread stack sizes (-Xss)
#   Set larger code cache with -XX:ReservedCodeCacheSize=
#   JVM is running with Unscaled Compressed Oops mode in which the Java heap is
#     placed in the first 4GB address space. The Java Heap base address is the
#     maximum limit for the native heap growth. Please use -XX:HeapBaseMinAddress
#     to set the Java Heap base and to place the Java Heap above 4GB virtual address.
# This output file may be truncated or incomplete.
#
#  Out of Memory Error (allocation.cpp:389), pid=6808, tid=0x0000000000003568
#
# JRE version: Java(TM) SE Runtime Environment (8.0_202-b08) (build 1.8.0_202-b08)
# Java VM: Java HotSpot(TM) 64-Bit Server VM (25.202-b08 mixed mode windows-amd64 compressed oops)
# Failed to write core dump. Minidumps are not enabled by default on client versions of Windows
#

---------------  T H R E A D  ---------------

Current thread (0x0000000019891800):  JavaThread "C2 CompilerThread0" daemon [_thread_in_native, id=13672, stack(0x0000000019c70000,0x0000000019d70000)]

Stack: [0x0000000019c70000,0x0000000019d70000]
[error occurred during error reporting (printing stack bounds), id 0xc0000005]

Native frames: (J=compiled Java code, j=interpreted, Vv=VM code, C=native code)


Current CompileTask:
C2:   7246 4625       4       org.springframework.core.annotation.TypeMappedAnnotations$MergedAnnotationFinder::doWithAnnotations (75 bytes)


---------------  P R O C E S S  ---------------

Java Threads: ( => current thread )
  0x000000001b472800 JavaThread "HikariPool-1 connection adder" daemon [_thread_blocked, id=11288, stack(0x00000000210a0000,0x00000000211a0000)]
  0x000000001b472000 JavaThread "HikariPool-1 housekeeper" daemon [_thread_blocked, id=12248, stack(0x0000000020fa0000,0x00000000210a0000)]
  0x000000001b46f000 JavaThread "mysql-cj-abandoned-connection-cleanup" daemon [_thread_blocked, id=3908, stack(0x0000000020310000,0x0000000020410000)]
  0x000000001b470800 JavaThread "container-0" [_thread_blocked, id=332, stack(0x000000001ef70000,0x000000001f070000)]
  0x000000001b475000 JavaThread "Catalina-utility-2" [_thread_blocked, id=6588, stack(0x000000001dbf0000,0x000000001dcf0000)]
  0x000000001b46f800 JavaThread "Catalina-utility-1" [_thread_blocked, id=13436, stack(0x000000001bf20000,0x000000001c020000)]
  0x0000000019966000 JavaThread "Service Thread" daemon [_thread_blocked, id=5828, stack(0x0000000019f70000,0x000000001a070000)]
  0x000000001989c000 JavaThread "C1 CompilerThread2" daemon [_thread_in_vm, id=2116, stack(0x0000000019e70000,0x0000000019f70000)]
  0x0000000019892000 JavaThread "C2 CompilerThread1" daemon [_thread_in_native, id=6664, stack(0x0000000019d70000,0x0000000019e70000)]
=>0x0000000019891800 JavaThread "C2 CompilerThread0" daemon [_thread_in_native, id=13672, stack(0x0000000019c70000,0x0000000019d70000)]
  0x00000000198ca000 JavaThread "Monitor Ctrl-Break" daemon [_thread_in_native, id=14140, stack(0x0000000019b70000,0x0000000019c70000)]
  0x0000000018233000 JavaThread "Attach Listener" daemon [_thread_blocked, id=11796, stack(0x0000000019a70000,0x0000000019b70000)]
  0x00000000195b3800 JavaThread "Signal Dispatcher" daemon [_thread_blocked, id=6560, stack(0x0000000019970000,0x0000000019a70000)]
  0x000000000357a800 JavaThread "Finalizer" daemon [_thread_blocked, id=3036, stack(0x0000000019470000,0x0000000019570000)]
  0x000000001820a000 JavaThread "Reference Handler" daemon [_thread_blocked, id=6164, stack(0x0000000019370000,0x0000000019470000)]
  0x0000000003488000 JavaThread "main" [_thread_blocked, id=12088, stack(0x0000000003380000,0x0000000003480000)]

Other Threads:
  0x00000000181e8000 VMThread [stack: 0x0000000019270000,0x0000000019370000] [id=440]
  0x000000001a0d8800 WatcherThread [stack: 0x000000001a870000,0x000000001a970000] [id=11892]

VM state:not at safepoint (normal execution)

VM Mutex/Monitor currently owned by a thread: None

heap address: 0x0000000080e00000, size: 2034 MB, Compressed Oops mode: 32-bit
Narrow klass base: 0x0000000000000000, Narrow klass shift: 3
Compressed class space size: 1073741824 Address: 0x0000000100000000

Heap:
 PSYoungGen      total 182272K, used 77530K [0x00000000d5a00000, 0x00000000e4100000, 0x0000000100000000)
  eden space 172032K, 39% used [0x00000000d5a00000,0x00000000d9bbba88,0x00000000e0200000)
  from space 10240K, 99% used [0x00000000e0200000,0x00000000e0bfae00,0x00000000e0c00000)
  to   space 10240K, 0% used [0x00000000e0c00000,0x00000000e0c00000,0x00000000e1600000)
 ParOldGen       total 80384K, used 21499K [0x0000000080e00000, 0x0000000085c80000, 0x00000000d5a00000)
  object space 80384K, 26% used [0x0000000080e00000,0x00000000822fecc8,0x0000000085c80000)
 Metaspace       used 54816K, capacity 58070K, committed 58200K, reserved 1099776K
  class space    used 7470K, capacity 8030K, committed 8064K, reserved 1048576K

Card table byte_map: [0x0000000012a40000,0x0000000012e40000] byte_map_base: 0x0000000012639000

Marking Bits: (ParMarkBitMap*) 0x000000005ffb5ce0
 Begin Bits: [0x00000000134f0000, 0x00000000154b8000)
 End Bits:   [0x00000000154b8000, 0x0000000017480000)

Polling page: 0x0000000000ff0000

CodeCache: size=245760Kb used=15800Kb max_used=15835Kb free=229959Kb
 bounds [0x0000000003680000, 0x0000000004620000, 0x0000000012680000]
 total_blobs=5001 nmethods=4454 adapters=458
 compilation: enabled

Compilation events (10 events):
Event: 7.243 Thread 0x000000001989c000 nmethod 4841 0x000000000383be50 code [0x000000000383bfc0, 0x000000000383c228]
Event: 7.243 Thread 0x000000001989c000 4838       1       org.springframework.transaction.interceptor.BeanFactoryTransactionAttributeSourceAdvisor::getPointcut (5 bytes)
Event: 7.244 Thread 0x000000001989c000 nmethod 4838 0x0000000003df6d10 code [0x0000000003df6e60, 0x0000000003df6f70]
Event: 7.244 Thread 0x000000001989c000 4842       2       org.springframework.asm.Type::getArgumentTypes (154 bytes)
Event: 7.244 Thread 0x000000001989c000 nmethod 4842 0x0000000003df56d0 code [0x0000000003df5900, 0x0000000003df6368]
Event: 7.245 Thread 0x000000001989c000 4843       2       org.springframework.asm.Frame::accept (264 bytes)
Event: 7.245 Thread 0x000000001989c000 nmethod 4843 0x0000000003df4a10 code [0x0000000003df4bc0, 0x0000000003df5118]
Event: 7.245 Thread 0x000000001989c000 4844       2       org.springframework.asm.MethodWriter::computeAllFrames (508 bytes)
Event: 7.246 Thread 0x000000001989c000 nmethod 4844 0x000000000398a010 code [0x000000000398a260, 0x000000000398ac08]
Event: 7.246 Thread 0x000000001989c000 4845       2       org.springframework.cglib.core.CodeEmitter::getfield (47 bytes)

GC Heap History (10 events):
Event: 2.498 GC heap before
{Heap before GC invocations=7 (full 1):
 PSYoungGen      total 71680K, used 66560K [0x00000000d5a00000, 0x00000000dec00000, 0x0000000100000000)
  eden space 66560K, 100% used [0x00000000d5a00000,0x00000000d9b00000,0x00000000d9b00000)
  from space 5120K, 0% used [0x00000000d9b00000,0x00000000d9b00000,0x00000000da000000)
  to   space 8192K, 0% used [0x00000000de400000,0x00000000de400000,0x00000000dec00000)
 ParOldGen       total 53760K, used 6257K [0x0000000080e00000, 0x0000000084280000, 0x00000000d5a00000)
  object space 53760K, 11% used [0x0000000080e00000,0x000000008141c618,0x0000000084280000)
 Metaspace       used 24193K, capacity 25506K, committed 25728K, reserved 1071104K
  class space    used 3070K, capacity 3331K, committed 3456K, reserved 1048576K
Event: 2.506 GC heap after
Heap after GC invocations=7 (full 1):
 PSYoungGen      total 115712K, used 6902K [0x00000000d5a00000, 0x00000000deb00000, 0x0000000100000000)
  eden space 108544K, 0% used [0x00000000d5a00000,0x00000000d5a00000,0x00000000dc400000)
  from space 7168K, 96% used [0x00000000de400000,0x00000000deabd920,0x00000000deb00000)
  to   space 8704K, 0% used [0x00000000dda00000,0x00000000dda00000,0x00000000de280000)
 ParOldGen       total 53760K, used 6265K [0x0000000080e00000, 0x0000000084280000, 0x00000000d5a00000)
  object space 53760K, 11% used [0x0000000080e00000,0x000000008141e618,0x0000000084280000)
 Metaspace       used 24193K, capacity 25506K, committed 25728K, reserved 1071104K
  class space    used 3070K, capacity 3331K, committed 3456K, reserved 1048576K
}
Event: 3.702 GC heap before
{Heap before GC invocations=8 (full 1):
 PSYoungGen      total 115712K, used 115446K [0x00000000d5a00000, 0x00000000deb00000, 0x0000000100000000)
  eden space 108544K, 100% used [0x00000000d5a00000,0x00000000dc400000,0x00000000dc400000)
  from space 7168K, 96% used [0x00000000de400000,0x00000000deabd920,0x00000000deb00000)
  to   space 8704K, 0% used [0x00000000dda00000,0x00000000dda00000,0x00000000de280000)
 ParOldGen       total 53760K, used 6265K [0x0000000080e00000, 0x0000000084280000, 0x00000000d5a00000)
  object space 53760K, 11% used [0x0000000080e00000,0x000000008141e618,0x0000000084280000)
 Metaspace       used 31216K, capacity 33248K, committed 33408K, reserved 1079296K
  class space    used 4016K, capacity 4410K, committed 4480K, reserved 1048576K
Event: 3.712 GC heap after
Heap after GC invocations=8 (full 1):
 PSYoungGen      total 139776K, used 8680K [0x00000000d5a00000, 0x00000000e1600000, 0x0000000100000000)
  eden space 131072K, 0% used [0x00000000d5a00000,0x00000000d5a00000,0x00000000dda00000)
  from space 8704K, 99% used [0x00000000dda00000,0x00000000de27a240,0x00000000de280000)
  to   space 10240K, 0% used [0x00000000e0c00000,0x00000000e0c00000,0x00000000e1600000)
 ParOldGen       total 53760K, used 7787K [0x0000000080e00000, 0x0000000084280000, 0x00000000d5a00000)
  object space 53760K, 14% used [0x0000000080e00000,0x000000008159ac50,0x0000000084280000)
 Metaspace       used 31216K, capacity 33248K, committed 33408K, reserved 1079296K
  class space    used 4016K, capacity 4410K, committed 4480K, reserved 1048576K
}
Event: 3.993 GC heap before
{Heap before GC invocations=9 (full 1):
 PSYoungGen      total 139776K, used 33864K [0x00000000d5a00000, 0x00000000e1600000, 0x0000000100000000)
  eden space 131072K, 19% used [0x00000000d5a00000,0x00000000d7297fd8,0x00000000dda00000)
  from space 8704K, 99% used [0x00000000dda00000,0x00000000de27a240,0x00000000de280000)
  to   space 10240K, 0% used [0x00000000e0c00000,0x00000000e0c00000,0x00000000e1600000)
 ParOldGen       total 53760K, used 7787K [0x0000000080e00000, 0x0000000084280000, 0x00000000d5a00000)
  object space 53760K, 14% used [0x0000000080e00000,0x000000008159ac50,0x0000000084280000)
 Metaspace       used 33257K, capacity 35340K, committed 35416K, reserved 1079296K
  class space    used 4282K, capacity 4690K, committed 4736K, reserved 1048576K
Event: 4.006 GC heap after
Heap after GC invocations=9 (full 1):
 PSYoungGen      total 182272K, used 7904K [0x00000000d5a00000, 0x00000000e4100000, 0x0000000100000000)
  eden space 172032K, 0% used [0x00000000d5a00000,0x00000000d5a00000,0x00000000e0200000)
  from space 10240K, 77% used [0x00000000e0c00000,0x00000000e13b8008,0x00000000e1600000)
  to   space 10240K, 0% used [0x00000000e0200000,0x00000000e0200000,0x00000000e0c00000)
 ParOldGen       total 53760K, used 7795K [0x0000000080e00000, 0x0000000084280000, 0x00000000d5a00000)
  object space 53760K, 14% used [0x0000000080e00000,0x000000008159cc50,0x0000000084280000)
 Metaspace       used 33257K, capacity 35340K, committed 35416K, reserved 1079296K
  class space    used 4282K, capacity 4690K, committed 4736K, reserved 1048576K
}
Event: 4.006 GC heap before
{Heap before GC invocations=10 (full 2):
 PSYoungGen      total 182272K, used 7904K [0x00000000d5a00000, 0x00000000e4100000, 0x0000000100000000)
  eden space 172032K, 0% used [0x00000000d5a00000,0x00000000d5a00000,0x00000000e0200000)
  from space 10240K, 77% used [0x00000000e0c00000,0x00000000e13b8008,0x00000000e1600000)
  to   space 10240K, 0% used [0x00000000e0200000,0x00000000e0200000,0x00000000e0c00000)
 ParOldGen       total 53760K, used 7795K [0x0000000080e00000, 0x0000000084280000, 0x00000000d5a00000)
  object space 53760K, 14% used [0x0000000080e00000,0x000000008159cc50,0x0000000084280000)
 Metaspace       used 33257K, capacity 35340K, committed 35416K, reserved 1079296K
  class space    used 4282K, capacity 4690K, committed 4736K, reserved 1048576K
Event: 4.071 GC heap after
Heap after GC invocations=10 (full 2):
 PSYoungGen      total 182272K, used 0K [0x00000000d5a00000, 0x00000000e4100000, 0x0000000100000000)
  eden space 172032K, 0% used [0x00000000d5a00000,0x00000000d5a00000,0x00000000e0200000)
  from space 10240K, 0% used [0x00000000e0c00000,0x00000000e0c00000,0x00000000e1600000)
  to   space 10240K, 0% used [0x00000000e0200000,0x00000000e0200000,0x00000000e0c00000)
 ParOldGen       total 80384K, used 12650K [0x0000000080e00000, 0x0000000085c80000, 0x00000000d5a00000)
  object space 80384K, 15% used [0x0000000080e00000,0x0000000081a5abd8,0x0000000085c80000)
 Metaspace       used 33257K, capacity 35340K, committed 35416K, reserved 1079296K
  class space    used 4282K, capacity 4690K, committed 4736K, reserved 1048576K
}
Event: 6.386 GC heap before
{Heap before GC invocations=11 (full 2):
 PSYoungGen      total 182272K, used 172032K [0x00000000d5a00000, 0x00000000e4100000, 0x0000000100000000)
  eden space 172032K, 100% used [0x00000000d5a00000,0x00000000e0200000,0x00000000e0200000)
  from space 10240K, 0% used [0x00000000e0c00000,0x00000000e0c00000,0x00000000e1600000)
  to   space 10240K, 0% used [0x00000000e0200000,0x00000000e0200000,0x00000000e0c00000)
 ParOldGen       total 80384K, used 12650K [0x0000000080e00000, 0x0000000085c80000, 0x00000000d5a00000)
  object space 80384K, 15% used [0x0000000080e00000,0x0000000081a5abd8,0x0000000085c80000)
 Metaspace       used 49829K, capacity 52438K, committed 52568K, reserved 1095680K
  class space    used 6783K, capacity 7256K, committed 7296K, reserved 1048576K
Event: 6.412 GC heap after
Heap after GC invocations=11 (full 2):
 PSYoungGen      total 182272K, used 10219K [0x00000000d5a00000, 0x00000000e4100000, 0x0000000100000000)
  eden space 172032K, 0% used [0x00000000d5a00000,0x00000000d5a00000,0x00000000e0200000)
  from space 10240K, 99% used [0x00000000e0200000,0x00000000e0bfae00,0x00000000e0c00000)
  to   space 10240K, 0% used [0x00000000e0c00000,0x00000000e0c00000,0x00000000e1600000)
 ParOldGen       total 80384K, used 21499K [0x0000000080e00000, 0x0000000085c80000, 0x00000000d5a00000)
  object space 80384K, 26% used [0x0000000080e00000,0x00000000822fecc8,0x0000000085c80000)
 Metaspace       used 49829K, capacity 52438K, committed 52568K, reserved 1095680K
  class space    used 6783K, capacity 7256K, committed 7296K, reserved 1048576K
}

Deoptimization events (10 events):
Event: 7.190 Thread 0x0000000003488000 Uncommon trap: reason=unstable_if action=reinterpret pc=0x00000000043bb028 method=java.util.regex.Pattern$Branch.match(Ljava/util/regex/Matcher;ILjava/lang/CharSequence;)Z @ 35
Event: 7.190 Thread 0x0000000003488000 Uncommon trap: reason=bimorphic action=maybe_recompile pc=0x00000000042c6e64 method=java.util.regex.Pattern$5.isSatisfiedBy(I)Z @ 16
Event: 7.193 Thread 0x0000000003488000 Uncommon trap: reason=class_check action=maybe_recompile pc=0x000000000441730c method=java.util.regex.Matcher.search(I)Z @ 86
Event: 7.193 Thread 0x0000000003488000 Uncommon trap: reason=bimorphic action=maybe_recompile pc=0x00000000042c6e64 method=java.util.regex.Pattern$5.isSatisfiedBy(I)Z @ 16
Event: 7.194 Thread 0x0000000003488000 Uncommon trap: reason=class_check action=maybe_recompile pc=0x000000000441730c method=java.util.regex.Matcher.search(I)Z @ 86
Event: 7.196 Thread 0x0000000003488000 Uncommon trap: reason=class_check action=maybe_recompile pc=0x000000000441730c method=java.util.regex.Matcher.search(I)Z @ 86
Event: 7.196 Thread 0x0000000003488000 Uncommon trap: reason=class_check action=maybe_recompile pc=0x000000000433e05c method=java.util.regex.Matcher.search(I)Z @ 86
Event: 7.196 Thread 0x0000000003488000 Uncommon trap: reason=class_check action=maybe_recompile pc=0x00000000043d0848 method=java.util.regex.Pattern$SliceI.match(Ljava/util/regex/Matcher;ILjava/lang/CharSequence;)Z @ 92
Event: 7.196 Thread 0x0000000003488000 Uncommon trap: reason=bimorphic action=maybe_recompile pc=0x00000000042c6e64 method=java.util.regex.Pattern$5.isSatisfiedBy(I)Z @ 16
Event: 7.211 Thread 0x0000000003488000 Uncommon trap: reason=bimorphic action=maybe_recompile pc=0x00000000042c6e64 method=java.util.regex.Pattern$5.isSatisfiedBy(I)Z @ 16

Classes redefined (0 events):
No events

Internal exceptions (10 events):
Event: 6.960 Thread 0x0000000003488000 Exception <a 'java/lang/ClassNotFoundException': com/Springweb/domain/entity/bcategory/BcategoryEntityCustomizer> (0x00000000d7daa9d8) thrown at [C:\re\workspace\8-2-build-windows-amd64-cygwin\jdk8u202\12323\hotspot\src\share\vm\classfile\systemDictionary
Event: 6.991 Thread 0x0000000003488000 Exception <a 'java/lang/NoSuchMethodError': java.lang.Object.lambda$direct$0(Lorg/springframework/data/repository/core/support/MethodLookup$InvokedMethod;Ljava/lang/reflect/Method;)Z> (0x00000000d7e9b988) thrown at [C:\re\workspace\8-2-build-windows-amd64
Event: 6.991 Thread 0x0000000003488000 Exception <a 'java/lang/NoSuchMethodError': java.lang.Object.lambda$direct$1(Lorg/springframework/data/repository/core/support/MethodLookup$MethodPredicate;)Ljava/util/List;> (0x00000000d7e9ed38) thrown at [C:\re\workspace\8-2-build-windows-amd64-cygwin\j
Event: 6.993 Thread 0x0000000003488000 Exception <a 'java/lang/NoSuchMethodError': java.lang.Object.lambda$and$0(Lorg/springframework/data/repository/core/support/MethodLookup;)Ljava/util/List;> (0x00000000d7ebe8a8) thrown at [C:\re\workspace\8-2-build-windows-amd64-cygwin\jdk8u202\12323\hotsp
Event: 7.019 Thread 0x0000000003488000 Exception <a 'java/lang/IncompatibleClassChangeError': Found class java.lang.Object, but interface was expected> (0x00000000d810dc10) thrown at [C:\re\workspace\8-2-build-windows-amd64-cygwin\jdk8u202\12323\hotspot\src\share\vm\interpreter\linkResolver.cp
Event: 7.090 Thread 0x0000000003488000 Exception <a 'java/io/FileNotFoundException'> (0x00000000d88f0938) thrown at [C:\re\workspace\8-2-build-windows-amd64-cygwin\jdk8u202\12323\hotspot\src\share\vm\prims\jni.cpp, line 710]
Event: 7.090 Thread 0x0000000003488000 Exception <a 'java/io/FileNotFoundException'> (0x00000000d88f15b0) thrown at [C:\re\workspace\8-2-build-windows-amd64-cygwin\jdk8u202\12323\hotspot\src\share\vm\prims\jni.cpp, line 710]
Event: 7.208 Thread 0x0000000003488000 Exception <a 'java/lang/reflect/InvocationTargetException'> (0x00000000d9412f00) thrown at [C:\re\workspace\8-2-build-windows-amd64-cygwin\jdk8u202\12323\hotspot\src\share\vm\runtime\reflection.cpp, line 1092]
Event: 7.214 Thread 0x0000000003488000 Exception <a 'java/lang/reflect/InvocationTargetException'> (0x00000000d946f520) thrown at [C:\re\workspace\8-2-build-windows-amd64-cygwin\jdk8u202\12323\hotspot\src\share\vm\runtime\reflection.cpp, line 1092]
Event: 7.217 Thread 0x0000000003488000 Exception <a 'java/lang/reflect/InvocationTargetException'> (0x00000000d949e088) thrown at [C:\re\workspace\8-2-build-windows-amd64-cygwin\jdk8u202\12323\hotspot\src\share\vm\runtime\reflection.cpp, line 1092]

Events (10 events):
Event: 7.209 loading class org/springframework/data/jpa/repository/query/QueryParameterSetter$QueryMetadataCache done
Event: 7.210 loading class org/springframework/data/jpa/repository/query/ExpressionBasedStringQuery
Event: 7.210 loading class org/springframework/data/jpa/repository/query/ExpressionBasedStringQuery done
Event: 7.211 Thread 0x0000000003488000 Uncommon trap: trap_request=0xffffffc6 fr.pc=0x00000000042c6e64
Event: 7.211 Thread 0x0000000003488000 DEOPT PACKING pc=0x00000000042c6e64 sp=0x000000000347bd10
Event: 7.211 Thread 0x0000000003488000 DEOPT UNPACKING pc=0x00000000036c583b sp=0x000000000347bc00 mode 2
Event: 7.211 loading class java/util/regex/Pattern$SliceU
Event: 7.211 loading class java/util/regex/Pattern$SliceU done
Event: 7.226 loading class com/Springweb/domain/entity/bcategory/package-info
Event: 7.226 loading class com/Springweb/domain/entity/bcategory/package-info done


Dynamic libraries:
0x00007ff66d3a0000 - 0x00007ff66d3d7000 	C:\Program Files\Java\jdk1.8.0_202\bin\java.exe
0x00007ffebed20000 - 0x00007ffebef10000 	C:\Windows\SYSTEM32\ntdll.dll
0x00007ffebd670000 - 0x00007ffebd722000 	C:\Windows\System32\KERNEL32.DLL
0x00007ffebc880000 - 0x00007ffebcb25000 	C:\Windows\System32\KERNELBASE.dll
0x00007ffebcea0000 - 0x00007ffebcf43000 	C:\Windows\System32\ADVAPI32.dll
0x00007ffebebd0000 - 0x00007ffebec6e000 	C:\Windows\System32\msvcrt.dll
0x00007ffebd4a0000 - 0x00007ffebd537000 	C:\Windows\System32\sechost.dll
0x00007ffebddc0000 - 0x00007ffebdedf000 	C:\Windows\System32\RPCRT4.dll
0x00007ffebd1c0000 - 0x00007ffebd354000 	C:\Windows\System32\USER32.dll
0x00007ffebc850000 - 0x00007ffebc871000 	C:\Windows\System32\win32u.dll
0x00007ffebcf50000 - 0x00007ffebcf76000 	C:\Windows\System32\GDI32.dll
0x00007ffebcb30000 - 0x00007ffebccc8000 	C:\Windows\System32\gdi32full.dll
0x00007ffebbf70000 - 0x00007ffebc00e000 	C:\Windows\System32\msvcp_win.dll
0x00007ffebbc90000 - 0x00007ffebbd8a000 	C:\Windows\System32\ucrtbase.dll
0x00007ffea59c0000 - 0x00007ffea5c44000 	C:\Windows\WinSxS\amd64_microsoft.windows.common-controls_6595b64144ccf1df_6.0.18362.1500_none_9e79be6de462295c\COMCTL32.dll
0x00007ffebd7a0000 - 0x00007ffebdad6000 	C:\Windows\System32\combase.dll
0x00007ffebc010000 - 0x00007ffebc091000 	C:\Windows\System32\bcryptPrimitives.dll
0x00007ffebdfa0000 - 0x00007ffebdfce000 	C:\Windows\System32\IMM32.DLL
0x0000000065170000 - 0x0000000065242000 	C:\Program Files\Java\jdk1.8.0_202\jre\bin\msvcr100.dll
0x000000005f790000 - 0x0000000060035000 	C:\Program Files\Java\jdk1.8.0_202\jre\bin\server\jvm.dll
0x00007ffebddb0000 - 0x00007ffebddb8000 	C:\Windows\System32\PSAPI.DLL
0x00007ffeb16e0000 - 0x00007ffeb16e9000 	C:\Windows\SYSTEM32\WSOCK32.dll
0x00007ffebdc90000 - 0x00007ffebdcff000 	C:\Windows\System32\WS2_32.dll
0x00007ffeb9a50000 - 0x00007ffeb9a74000 	C:\Windows\SYSTEM32\WINMM.dll
0x00007ffeb6480000 - 0x00007ffeb648a000 	C:\Windows\SYSTEM32\VERSION.dll
0x00007ffeb9a20000 - 0x00007ffeb9a4d000 	C:\Windows\SYSTEM32\winmmbase.dll
0x00007ffebcd80000 - 0x00007ffebcdca000 	C:\Windows\System32\cfgmgr32.dll
0x00007ffeac980000 - 0x00007ffeac98f000 	C:\Program Files\Java\jdk1.8.0_202\jre\bin\verify.dll
0x00007ffe98680000 - 0x00007ffe986a9000 	C:\Program Files\Java\jdk1.8.0_202\jre\bin\java.dll
0x00007ffe986c0000 - 0x00007ffe986e3000 	C:\Program Files\Java\jdk1.8.0_202\jre\bin\instrument.dll
0x00007ffe9cbd0000 - 0x00007ffe9cbe6000 	C:\Program Files\Java\jdk1.8.0_202\jre\bin\zip.dll
0x00007ffebdfd0000 - 0x00007ffebe6b8000 	C:\Windows\System32\SHELL32.dll
0x00007ffebd540000 - 0x00007ffebd5e7000 	C:\Windows\System32\shcore.dll
0x00007ffebc0d0000 - 0x00007ffebc84b000 	C:\Windows\System32\windows.storage.dll
0x00007ffebbc70000 - 0x00007ffebbc8e000 	C:\Windows\System32\profapi.dll
0x00007ffebbbe0000 - 0x00007ffebbc2a000 	C:\Windows\System32\powrprof.dll
0x00007ffebbbd0000 - 0x00007ffebbbe0000 	C:\Windows\System32\UMPDC.dll
0x00007ffebdee0000 - 0x00007ffebdf32000 	C:\Windows\System32\shlwapi.dll
0x00007ffebbc50000 - 0x00007ffebbc61000 	C:\Windows\System32\kernel.appcore.dll
0x00007ffebbdf0000 - 0x00007ffebbe07000 	C:\Windows\System32\cryptsp.dll
0x00007ffeac1f0000 - 0x00007ffeac20a000 	E:\IntelliJ IDEA Community Edition 2022.2.3\bin\breakgen64.dll
0x00007ffe9c8d0000 - 0x00007ffe9c8ea000 	C:\Program Files\Java\jdk1.8.0_202\jre\bin\net.dll
0x00007ffeadf30000 - 0x00007ffeae107000 	C:\Windows\SYSTEM32\urlmon.dll
0x00007ffeadc70000 - 0x00007ffeadf17000 	C:\Windows\SYSTEM32\iertutil.dll
0x00007ffebb580000 - 0x00007ffebb58c000 	C:\Windows\SYSTEM32\CRYPTBASE.DLL
0x00007ffebb3b0000 - 0x00007ffebb417000 	C:\Windows\system32\mswsock.dll
0x00007ffeacad0000 - 0x00007ffeacadd000 	C:\Program Files\Java\jdk1.8.0_202\jre\bin\management.dll
0x00007ffea3b20000 - 0x00007ffea3b36000 	C:\Windows\system32\napinsp.dll
0x00007ffea3b00000 - 0x00007ffea3b1a000 	C:\Windows\system32\pnrpnsp.dll
0x00007ffea3380000 - 0x00007ffea3395000 	C:\Windows\system32\wshbth.dll
0x00007ffeb8410000 - 0x00007ffeb842c000 	C:\Windows\system32\NLAapi.dll
0x00007ffebb0c0000 - 0x00007ffebb0fa000 	C:\Windows\SYSTEM32\IPHLPAPI.DLL
0x00007ffebb100000 - 0x00007ffebb1cb000 	C:\Windows\SYSTEM32\DNSAPI.dll
0x00007ffebcf80000 - 0x00007ffebcf88000 	C:\Windows\System32\NSI.dll
0x00007ffea3b80000 - 0x00007ffea3b8e000 	C:\Windows\System32\winrnr.dll
0x00007ffeb5500000 - 0x00007ffeb550a000 	C:\Windows\System32\rasadhlp.dll
0x00007ffeb58a0000 - 0x00007ffeb5917000 	C:\Windows\System32\fwpuclnt.dll
0x00007ffebc0a0000 - 0x00007ffebc0c6000 	C:\Windows\System32\bcrypt.dll
0x00007ffe9c6a0000 - 0x00007ffe9c6b2000 	C:\Program Files\Java\jdk1.8.0_202\jre\bin\nio.dll
0x00007ffebaf30000 - 0x00007ffebaf63000 	C:\Windows\system32\rsaenh.dll
0x00007ffebbac0000 - 0x00007ffebbae5000 	C:\Windows\SYSTEM32\USERENV.dll
0x00007ffeb6680000 - 0x00007ffeb6696000 	C:\Windows\SYSTEM32\dhcpcsvc6.DLL
0x00007ffeb6660000 - 0x00007ffeb667c000 	C:\Windows\SYSTEM32\dhcpcsvc.DLL
0x00007ffe97670000 - 0x00007ffe97694000 	C:\Program Files\Java\jdk1.8.0_202\jre\bin\sunec.dll
0x00007ffeac1c0000 - 0x00007ffeac1cb000 	C:\Program Files\Java\jdk1.8.0_202\jre\bin\sunmscapi.dll
0x00007ffebbe10000 - 0x00007ffebbf61000 	C:\Windows\System32\CRYPT32.dll
0x00007ffebbc30000 - 0x00007ffebbc42000 	C:\Windows\System32\MSASN1.dll

VM Arguments:
jvm_args: -javaagent:E:\IntelliJ IDEA Community Edition 2022.2.3\lib\idea_rt.jar=6661:E:\IntelliJ IDEA Community Edition 2022.2.3\bin -Dfile.encoding=UTF-8 
java_command: com.Springweb.Webstart
java_class_path (initial): C:\Program Files\Java\jdk1.8.0_202\jre\lib\charsets.jar;C:\Program Files\Java\jdk1.8.0_202\jre\lib\deploy.jar;C:\Program Files\Java\jdk1.8.0_202\jre\lib\ext\access-bridge-64.jar;C:\Program Files\Java\jdk1.8.0_202\jre\lib\ext\cldrdata.jar;C:\Program Files\Java\jdk1.8.0_202\jre\lib\ext\dnsns.jar;C:\Program Files\Java\jdk1.8.0_202\jre\lib\ext\jaccess.jar;C:\Program Files\Java\jdk1.8.0_202\jre\lib\ext\jfxrt.jar;C:\Program Files\Java\jdk1.8.0_202\jre\lib\ext\localedata.jar;C:\Program Files\Java\jdk1.8.0_202\jre\lib\ext\nashorn.jar;C:\Program Files\Java\jdk1.8.0_202\jre\lib\ext\sunec.jar;C:\Program Files\Java\jdk1.8.0_202\jre\lib\ext\sunjce_provider.jar;C:\Program Files\Java\jdk1.8.0_202\jre\lib\ext\sunmscapi.jar;C:\Program Files\Java\jdk1.8.0_202\jre\lib\ext\sunpkcs11.jar;C:\Program Files\Java\jdk1.8.0_202\jre\lib\ext\zipfs.jar;C:\Program Files\Java\jdk1.8.0_202\jre\lib\javaws.jar;C:\Program Files\Java\jdk1.8.0_202\jre\lib\jce.jar;C:\Program Files\Java\jdk1.8.0_202\jre\lib\jfr.jar;C:\Program Files\Java\jdk1.8.0_202\jre\lib\jfxswt.jar;C:\Program Files\Java\jdk1.8.0_202\jre\lib\jsse.jar;C:\Program Files\Java\jdk1.8.0_202\jre\lib\management-agent.jar;C:\Program Files\Java\jdk1.8.0_202\jre\lib\plugin.jar;C:\Program Files\Java\jdk1.8.0_202\jre\lib\resources.jar;C:\Program Files\Java\jdk1.8.0_202\jre\lib\rt.jar;C:\Users\win7\Desktop\Springweb\out\production\classes;C:\Users\win7\Desktop\Springweb\out\production\resources;C:\Users\win7\.gradle\caches\modules-2\files-2.1\org.springframework.boot\spring-boot-starter-web\2.7.5\bb4099d0466a62c3b11ab9323babca13bb430a2e\spring-boot-starter-web-2.7.5.jar;C:\Users\win7\.gradle\caches\modules-2\files-2.1\org.springframework.boot\spring-boot-starter-data-jpa\2.7.5\b83184467079d5b808fb2f9fbc858b1804975808\spring-boot-starter-data-jpa-2.7.5.jar;C:\Users\win7\.gradle\caches\modules-2\files-2.1\org.springframework.boot\spring-boot-starter-mail\2.7.5\f36261f4cc30d8a8a70c5db617c57ea0c00170b5\spring-boot-starter-mai
Launcher Type: SUN_STANDARD

Environment Variables:
JAVA_HOME=C:\Program Files\Java\jdk-18.0.2
PATH=C:\Program Files\Common Files\Oracle\Java\javapath;C:\Program Files (x86)\Common Files\Oracle\Java\javapath;C:\Program Files (x86)\NAT Service;C:\WINDOWS\system32;C:\WINDOWS;C:\WINDOWS\System32\Wbem;C:\WINDOWS\System32\WindowsPowerShell\v1.0\;C:\WINDOWS\System32\OpenSSH\;C:\Program Files\Java\jdk-15.0.1\bin;C:\Program Files (x86)\NVIDIA Corporation\PhysX\Common;C:\Program Files\NVIDIA Corporation\NVIDIA NvDLISR;C:\Program Files\Java\jdk1.8.0_271\bin;C:\Users\win7\AppData\Roaming\nvm;C:\Program Files\nodejs;C:\Program Files\Git\cmd;C:\ProgramData\chocolatey\bin;C:\Program Files\OpenJDK\openjdk-8u332-b09\bin;E:\sdk\platform-tools;C:\Program Files\Java\jdk-18.0.2\bin;%JAVA_HOME%\bin;C:\Users\win7\AppData\Local\Microsoft\WindowsApps;C:\Users\win7\AppData\Local\atom\bin;C:\Users\win7\AppData\Local\afreeca;E:\Microsoft VS Code\bin;C:\Users\win7\AppData\Roaming\npm;C:\Users\win7\AppData\Roaming\nvm;C:\Program Files\nodejs;C:\Users\win7\AppData\Local\GitHubDesktop\bin;C:\Program Files\heroku\bin;C:\Program Files\Git\cmd;C:\Program Files\mysql-8.0.29-winx64\bin;C:\Program Files\MySQL\MySQL Server 8.0\bin;
USERNAME=win7
OS=Windows_NT
PROCESSOR_IDENTIFIER=Intel64 Family 6 Model 60 Stepping 3, GenuineIntel



---------------  S Y S T E M  ---------------

OS: Windows 10.0 , 64 bit Build 18362 (10.0.18362.1500)

CPU:total 4 (initial active 4) (4 cores per cpu, 1 threads per core) family 6 model 60 stepping 3, cmov, cx8, fxsr, mmx, sse, sse2, sse3, ssse3, sse4.1, sse4.2, popcnt, avx, avx2, aes, clmul, erms, lzcnt, tsc, tscinvbit, bmi1, bmi2

Memory: 4k page, physical 8325612k(511972k free), swap 16157164k(6016k free)

vm_info: Java HotSpot(TM) 64-Bit Server VM (25.202-b08) for windows-amd64 JRE (1.8.0_202-b08), built on Dec 15 2018 19:54:30 by "java_re" with MS VC++ 10.0 (VS2010)

time: Sun Nov 27 17:57:10 2022
timezone: 대한민국 표준시
elapsed time: 7 seconds (0d 0h 0m 7s)

