#
# There is insufficient memory for the Java Runtime Environment to continue.
# Native memory allocation (malloc) failed to allocate 1166896 bytes for Chunk::new
# Possible reasons:
#   The system is out of physical RAM or swap space
#   The process is running with CompressedOops enabled, and the Java Heap may be blocking the growth of the native heap
# Possible solutions:
#   Reduce memory load on the system
#   Increase physical memory or swap space
#   Check if swap backing store is full
#   Decrease Java heap size (-Xmx/-Xms)
#   Decrease number of Java threads
#   Decrease Java thread stack sizes (-Xss)
#   Set larger code cache with -XX:ReservedCodeCacheSize=
#   JVM is running with Unscaled Compressed Oops mode in which the Java heap is
#     placed in the first 4GB address space. The Java Heap base address is the
#     maximum limit for the native heap growth. Please use -XX:HeapBaseMinAddress
#     to set the Java Heap base and to place the Java Heap above 4GB virtual address.
# This output file may be truncated or incomplete.
#
#  Out of Memory Error (allocation.cpp:389), pid=3444, tid=0x0000000000001b2c
#
# JRE version: Java(TM) SE Runtime Environment (8.0_202-b08) (build 1.8.0_202-b08)
# Java VM: Java HotSpot(TM) 64-Bit Server VM (25.202-b08 mixed mode windows-amd64 compressed oops)
# Failed to write core dump. Minidumps are not enabled by default on client versions of Windows
#

---------------  T H R E A D  ---------------

Current thread (0x0000000019629000):  JavaThread "C2 CompilerThread0" daemon [_thread_in_native, id=6956, stack(0x0000000019a00000,0x0000000019b00000)]

Stack: [0x0000000019a00000,0x0000000019b00000]
[error occurred during error reporting (printing stack bounds), id 0xc0000005]

Native frames: (J=compiled Java code, j=interpreted, Vv=VM code, C=native code)


Current CompileTask:
C2:   5217 4012       4       org.springframework.core.annotation.TypeMappedAnnotations::get (52 bytes)


---------------  P R O C E S S  ---------------

Java Threads: ( => current thread )
  0x0000000019440800 JavaThread "HikariPool-1 connection adder" daemon [_thread_blocked, id=6252, stack(0x0000000020aa0000,0x0000000020ba0000)]
  0x0000000019444800 JavaThread "HikariPool-1 housekeeper" daemon [_thread_blocked, id=4324, stack(0x00000000209a0000,0x0000000020aa0000)]
  0x000000001b655800 JavaThread "mysql-cj-abandoned-connection-cleanup" daemon [_thread_blocked, id=7928, stack(0x00000000201a0000,0x00000000202a0000)]
  0x000000001e0c7000 JavaThread "container-0" [_thread_blocked, id=10824, stack(0x00000000200a0000,0x00000000201a0000)]
  0x000000001dbc3000 JavaThread "Catalina-utility-2" [_thread_blocked, id=6396, stack(0x000000001ffa0000,0x00000000200a0000)]
  0x000000001d937800 JavaThread "Catalina-utility-1" [_thread_blocked, id=7716, stack(0x000000001bcb0000,0x000000001bdb0000)]
  0x00000000196fc000 JavaThread "Service Thread" daemon [_thread_blocked, id=11144, stack(0x0000000019d00000,0x0000000019e00000)]
  0x0000000019634800 JavaThread "C1 CompilerThread2" daemon [_thread_blocked, id=12056, stack(0x0000000019c00000,0x0000000019d00000)]
  0x000000001962a000 JavaThread "C2 CompilerThread1" daemon [_thread_in_native, id=11328, stack(0x0000000019b00000,0x0000000019c00000)]
=>0x0000000019629000 JavaThread "C2 CompilerThread0" daemon [_thread_in_native, id=6956, stack(0x0000000019a00000,0x0000000019b00000)]
  0x00000000195c2800 JavaThread "Monitor Ctrl-Break" daemon [_thread_in_native, id=1036, stack(0x0000000019900000,0x0000000019a00000)]
  0x0000000017fb3000 JavaThread "Attach Listener" daemon [_thread_blocked, id=14024, stack(0x0000000019800000,0x0000000019900000)]
  0x0000000019343800 JavaThread "Signal Dispatcher" daemon [_thread_blocked, id=8800, stack(0x0000000019700000,0x0000000019800000)]
  0x0000000017f90800 JavaThread "Finalizer" daemon [_thread_blocked, id=960, stack(0x0000000019200000,0x0000000019300000)]
  0x0000000003228000 JavaThread "Reference Handler" daemon [_thread_blocked, id=2668, stack(0x0000000019100000,0x0000000019200000)]
  0x0000000003138000 JavaThread "main" [_thread_in_vm, id=13076, stack(0x0000000003030000,0x0000000003130000)]

Other Threads:
  0x0000000017f67000 VMThread [stack: 0x0000000019000000,0x0000000019100000] [id=13612]
  0x0000000019e23000 WatcherThread [stack: 0x000000001a600000,0x000000001a700000] [id=13368]

VM state:not at safepoint (normal execution)

VM Mutex/Monitor currently owned by a thread: None

heap address: 0x0000000080e00000, size: 2034 MB, Compressed Oops mode: 32-bit
Narrow klass base: 0x0000000000000000, Narrow klass shift: 3
Compressed class space size: 1073741824 Address: 0x0000000100000000

Heap:
 PSYoungGen      total 183296K, used 60585K [0x00000000d5a00000, 0x00000000e3880000, 0x0000000100000000)
  eden space 173056K, 35% used [0x00000000d5a00000,0x00000000d952a5a8,0x00000000e0300000)
  from space 10240K, 0% used [0x00000000e0e00000,0x00000000e0e00000,0x00000000e1800000)
  to   space 11264K, 0% used [0x00000000e0300000,0x00000000e0300000,0x00000000e0e00000)
 ParOldGen       total 53248K, used 19281K [0x0000000080e00000, 0x0000000084200000, 0x00000000d5a00000)
  object space 53248K, 36% used [0x0000000080e00000,0x00000000820d4560,0x0000000084200000)
 Metaspace       used 45706K, capacity 48200K, committed 48600K, reserved 1093632K
  class space    used 6115K, capacity 6587K, committed 6656K, reserved 1048576K

Card table byte_map: [0x00000000127c0000,0x0000000012bc0000] byte_map_base: 0x00000000123b9000

Marking Bits: (ParMarkBitMap*) 0x000000005ffb5ce0
 Begin Bits: [0x0000000013270000, 0x0000000015238000)
 End Bits:   [0x0000000015238000, 0x0000000017200000)

Polling page: 0x00000000010a0000

CodeCache: size=245760Kb used=12715Kb max_used=13730Kb free=233044Kb
 bounds [0x0000000003400000, 0x0000000004180000, 0x0000000012400000]
 total_blobs=4145 nmethods=3630 adapters=427
 compilation: enabled

Compilation events (10 events):
Event: 5.209 Thread 0x0000000019634800 nmethod 4022 0x0000000003612a10 code [0x0000000003612b80, 0x0000000003612ee8]
Event: 5.213 Thread 0x000000001962a000 4023       4       java.lang.Class$MethodArray::add (72 bytes)
Event: 5.215 Thread 0x0000000019634800 4025       3       com.mysql.cj.conf.IntegerProperty::<init> (6 bytes)
Event: 5.215 Thread 0x0000000019634800 nmethod 4025 0x0000000003612310 code [0x0000000003612480, 0x0000000003612870]
Event: 5.215 Thread 0x0000000019634800 4026       3       com.mysql.cj.conf.DefaultPropertySet::getStringProperty (6 bytes)
Event: 5.215 Thread 0x0000000019634800 nmethod 4026 0x00000000037b9810 code [0x00000000037b9980, 0x00000000037b9b88]
Event: 5.215 Thread 0x000000001962a000 nmethod 4023 0x0000000003611d10 code [0x0000000003611e60, 0x0000000003612118]
Event: 5.215 Thread 0x0000000019634800 4027       3       java.lang.Throwable::<init> (34 bytes)
Event: 5.215 Thread 0x000000001962a000 4024       4       java.lang.Class$MethodArray::addIfNotPresent (47 bytes)
Event: 5.216 Thread 0x0000000019634800 nmethod 4027 0x00000000035e7650 code [0x00000000035e77c0, 0x00000000035e7aa8]

GC Heap History (10 events):
Event: 3.574 GC heap before
{Heap before GC invocations=10 (full 2):
 PSYoungGen      total 184320K, used 8000K [0x00000000d5a00000, 0x00000000e4400000, 0x0000000100000000)
  eden space 174080K, 0% used [0x00000000d5a00000,0x00000000d5a00000,0x00000000e0400000)
  from space 10240K, 78% used [0x00000000e0e00000,0x00000000e15d0008,0x00000000e1800000)
  to   space 10240K, 0% used [0x00000000e0400000,0x00000000e0400000,0x00000000e0e00000)
 ParOldGen       total 53248K, used 8159K [0x0000000080e00000, 0x0000000084200000, 0x00000000d5a00000)
  object space 53248K, 15% used [0x0000000080e00000,0x00000000815f7f80,0x0000000084200000)
 Metaspace       used 33263K, capacity 35340K, committed 35416K, reserved 1079296K
  class space    used 4285K, capacity 4690K, committed 4736K, reserved 1048576K
Event: 3.661 GC heap after
Heap after GC invocations=10 (full 2):
 PSYoungGen      total 184320K, used 0K [0x00000000d5a00000, 0x00000000e4400000, 0x0000000100000000)
  eden space 174080K, 0% used [0x00000000d5a00000,0x00000000d5a00000,0x00000000e0400000)
  from space 10240K, 0% used [0x00000000e0e00000,0x00000000e0e00000,0x00000000e1800000)
  to   space 10240K, 0% used [0x00000000e0400000,0x00000000e0400000,0x00000000e0e00000)
 ParOldGen       total 53248K, used 12745K [0x0000000080e00000, 0x0000000084200000, 0x00000000d5a00000)
  object space 53248K, 23% used [0x0000000080e00000,0x0000000081a72420,0x0000000084200000)
 Metaspace       used 33263K, capacity 35340K, committed 35416K, reserved 1079296K
  class space    used 4285K, capacity 4690K, committed 4736K, reserved 1048576K
}
Event: 4.435 GC heap before
{Heap before GC invocations=11 (full 2):
 PSYoungGen      total 184320K, used 67974K [0x00000000d5a00000, 0x00000000e4400000, 0x0000000100000000)
  eden space 174080K, 39% used [0x00000000d5a00000,0x00000000d9c61ba0,0x00000000e0400000)
  from space 10240K, 0% used [0x00000000e0e00000,0x00000000e0e00000,0x00000000e1800000)
  to   space 10240K, 0% used [0x00000000e0400000,0x00000000e0400000,0x00000000e0e00000)
 ParOldGen       total 53248K, used 12745K [0x0000000080e00000, 0x0000000084200000, 0x00000000d5a00000)
  object space 53248K, 23% used [0x0000000080e00000,0x0000000081a72420,0x0000000084200000)
 Metaspace       used 40186K, capacity 42508K, committed 42584K, reserved 1089536K
  class space    used 5327K, capacity 5745K, committed 5760K, reserved 1048576K
Event: 4.443 GC heap after
Heap after GC invocations=11 (full 2):
 PSYoungGen      total 184320K, used 8425K [0x00000000d5a00000, 0x00000000e4400000, 0x0000000100000000)
  eden space 174080K, 0% used [0x00000000d5a00000,0x00000000d5a00000,0x00000000e0400000)
  from space 10240K, 82% used [0x00000000e0400000,0x00000000e0c3a5b8,0x00000000e0e00000)
  to   space 10240K, 0% used [0x00000000e0e00000,0x00000000e0e00000,0x00000000e1800000)
 ParOldGen       total 53248K, used 12753K [0x0000000080e00000, 0x0000000084200000, 0x00000000d5a00000)
  object space 53248K, 23% used [0x0000000080e00000,0x0000000081a74420,0x0000000084200000)
 Metaspace       used 40186K, capacity 42508K, committed 42584K, reserved 1089536K
  class space    used 5327K, capacity 5745K, committed 5760K, reserved 1048576K
}
Event: 4.443 GC heap before
{Heap before GC invocations=12 (full 3):
 PSYoungGen      total 184320K, used 8425K [0x00000000d5a00000, 0x00000000e4400000, 0x0000000100000000)
  eden space 174080K, 0% used [0x00000000d5a00000,0x00000000d5a00000,0x00000000e0400000)
  from space 10240K, 82% used [0x00000000e0400000,0x00000000e0c3a5b8,0x00000000e0e00000)
  to   space 10240K, 0% used [0x00000000e0e00000,0x00000000e0e00000,0x00000000e1800000)
 ParOldGen       total 53248K, used 12753K [0x0000000080e00000, 0x0000000084200000, 0x00000000d5a00000)
  object space 53248K, 23% used [0x0000000080e00000,0x0000000081a74420,0x0000000084200000)
 Metaspace       used 40186K, capacity 42508K, committed 42584K, reserved 1089536K
  class space    used 5327K, capacity 5745K, committed 5760K, reserved 1048576K
Event: 4.530 GC heap after
Heap after GC invocations=12 (full 3):
 PSYoungGen      total 184320K, used 0K [0x00000000d5a00000, 0x00000000e4400000, 0x0000000100000000)
  eden space 174080K, 0% used [0x00000000d5a00000,0x00000000d5a00000,0x00000000e0400000)
  from space 10240K, 0% used [0x00000000e0400000,0x00000000e0400000,0x00000000e0e00000)
  to   space 10240K, 0% used [0x00000000e0e00000,0x00000000e0e00000,0x00000000e1800000)
 ParOldGen       total 53248K, used 19375K [0x0000000080e00000, 0x0000000084200000, 0x00000000d5a00000)
  object space 53248K, 36% used [0x0000000080e00000,0x00000000820ebd88,0x0000000084200000)
 Metaspace       used 40186K, capacity 42508K, committed 42584K, reserved 1087488K
  class space    used 5327K, capacity 5745K, committed 5760K, reserved 1048576K
}
Event: 4.530 GC heap before
{Heap before GC invocations=13 (full 3):
 PSYoungGen      total 184320K, used 0K [0x00000000d5a00000, 0x00000000e4400000, 0x0000000100000000)
  eden space 174080K, 0% used [0x00000000d5a00000,0x00000000d5a00000,0x00000000e0400000)
  from space 10240K, 0% used [0x00000000e0400000,0x00000000e0400000,0x00000000e0e00000)
  to   space 10240K, 0% used [0x00000000e0e00000,0x00000000e0e00000,0x00000000e1800000)
 ParOldGen       total 53248K, used 19375K [0x0000000080e00000, 0x0000000084200000, 0x00000000d5a00000)
  object space 53248K, 36% used [0x0000000080e00000,0x00000000820ebd88,0x0000000084200000)
 Metaspace       used 40186K, capacity 42508K, committed 42584K, reserved 1091584K
  class space    used 5327K, capacity 5745K, committed 5760K, reserved 1048576K
Event: 4.532 GC heap after
Heap after GC invocations=13 (full 3):
 PSYoungGen      total 183296K, used 0K [0x00000000d5a00000, 0x00000000e3880000, 0x0000000100000000)
  eden space 173056K, 0% used [0x00000000d5a00000,0x00000000d5a00000,0x00000000e0300000)
  from space 10240K, 0% used [0x00000000e0e00000,0x00000000e0e00000,0x00000000e1800000)
  to   space 11264K, 0% used [0x00000000e0300000,0x00000000e0300000,0x00000000e0e00000)
 ParOldGen       total 53248K, used 19375K [0x0000000080e00000, 0x0000000084200000, 0x00000000d5a00000)
  object space 53248K, 36% used [0x0000000080e00000,0x00000000820ebd88,0x0000000084200000)
 Metaspace       used 40186K, capacity 42508K, committed 42584K, reserved 1091584K
  class space    used 5327K, capacity 5745K, committed 5760K, reserved 1048576K
}
Event: 4.532 GC heap before
{Heap before GC invocations=14 (full 4):
 PSYoungGen      total 183296K, used 0K [0x00000000d5a00000, 0x00000000e3880000, 0x0000000100000000)
  eden space 173056K, 0% used [0x00000000d5a00000,0x00000000d5a00000,0x00000000e0300000)
  from space 10240K, 0% used [0x00000000e0e00000,0x00000000e0e00000,0x00000000e1800000)
  to   space 11264K, 0% used [0x00000000e0300000,0x00000000e0300000,0x00000000e0e00000)
 ParOldGen       total 53248K, used 19375K [0x0000000080e00000, 0x0000000084200000, 0x00000000d5a00000)
  object space 53248K, 36% used [0x0000000080e00000,0x00000000820ebd88,0x0000000084200000)
 Metaspace       used 40186K, capacity 42508K, committed 42584K, reserved 1091584K
  class space    used 5327K, capacity 5745K, committed 5760K, reserved 1048576K
Event: 4.559 GC heap after
Heap after GC invocations=14 (full 4):
 PSYoungGen      total 183296K, used 0K [0x00000000d5a00000, 0x00000000e3880000, 0x0000000100000000)
  eden space 173056K, 0% used [0x00000000d5a00000,0x00000000d5a00000,0x00000000e0300000)
  from space 10240K, 0% used [0x00000000e0e00000,0x00000000e0e00000,0x00000000e1800000)
  to   space 11264K, 0% used [0x00000000e0300000,0x00000000e0300000,0x00000000e0e00000)
 ParOldGen       total 53248K, used 19281K [0x0000000080e00000, 0x0000000084200000, 0x00000000d5a00000)
  object space 53248K, 36% used [0x0000000080e00000,0x00000000820d4560,0x0000000084200000)
 Metaspace       used 40186K, capacity 42508K, committed 42584K, reserved 1087488K
  class space    used 5327K, capacity 5745K, committed 5760K, reserved 1048576K
}

Deoptimization events (10 events):
Event: 4.386 Thread 0x0000000003138000 Uncommon trap: reason=class_check action=maybe_recompile pc=0x0000000003f9d79c method=java.util.jar.JarFile.getJarEntry(Ljava/lang/String;)Ljava/util/jar/JarEntry; @ 2
Event: 4.641 Thread 0x0000000003138000 Uncommon trap: reason=class_check action=maybe_recompile pc=0x000000000411c1f0 method=java.util.Hashtable.get(Ljava/lang/Object;)Ljava/lang/Object; @ 6
Event: 4.641 Thread 0x0000000003138000 Uncommon trap: reason=bimorphic action=maybe_recompile pc=0x00000000035336f0 method=java.util.Hashtable.put(Ljava/lang/Object;Ljava/lang/Object;)Ljava/lang/Object; @ 18
Event: 4.790 Thread 0x0000000019440800 Uncommon trap: reason=unstable_if action=reinterpret pc=0x0000000003ead6d4 method=java.lang.CharacterDataLatin1.digit(II)I @ 82
Event: 4.801 Thread 0x0000000019440800 Uncommon trap: reason=predicate action=maybe_recompile pc=0x00000000041646e4 method=java.util.regex.Pattern$SliceI.match(Ljava/util/regex/Matcher;ILjava/lang/CharSequence;)Z @ 21
Event: 4.807 Thread 0x0000000019440800 Uncommon trap: reason=class_check action=maybe_recompile pc=0x000000000411c1f0 method=java.util.Hashtable.get(Ljava/lang/Object;)Ljava/lang/Object; @ 6
Event: 4.834 Thread 0x0000000019440800 Uncommon trap: reason=class_check action=maybe_recompile pc=0x000000000411c1f0 method=java.util.Hashtable.get(Ljava/lang/Object;)Ljava/lang/Object; @ 6
Event: 4.852 Thread 0x0000000019440800 Uncommon trap: reason=class_check action=maybe_recompile pc=0x000000000411c1f0 method=java.util.Hashtable.get(Ljava/lang/Object;)Ljava/lang/Object; @ 6
Event: 5.086 Thread 0x0000000003138000 Uncommon trap: reason=unstable_if action=reinterpret pc=0x0000000003b5f18c method=org.springframework.beans.factory.support.AbstractAutowireCapableBeanFactory.determineTargetType(Ljava/lang/String;Lorg/springframework/beans/factory/support/RootBeanDefinit
Event: 5.124 Thread 0x0000000003138000 Uncommon trap: reason=class_check action=maybe_recompile pc=0x0000000003c24050 method=org.springframework.core.ResolvableType.resolveType()Lorg/springframework/core/ResolvableType; @ 101

Classes redefined (0 events):
No events

Internal exceptions (10 events):
Event: 5.125 Thread 0x0000000003138000 Exception <a 'java/lang/ClassNotFoundException': org/springframework/beans/factory/FactoryBeanCustomizer> (0x00000000d8b5c390) thrown at [C:\re\workspace\8-2-build-windows-amd64-cygwin\jdk8u202\12323\hotspot\src\share\vm\classfile\systemDictionary.cpp, li
Event: 5.125 Thread 0x0000000003138000 Exception <a 'java/lang/ClassNotFoundException': org/springframework/beans/factory/BeanClassLoaderAwareCustomizer> (0x00000000d8b78b80) thrown at [C:\re\workspace\8-2-build-windows-amd64-cygwin\jdk8u202\12323\hotspot\src\share\vm\classfile\systemDictionar
Event: 5.126 Thread 0x0000000003138000 Exception <a 'java/lang/ClassNotFoundException': org/springframework/beans/factory/AwareCustomizer> (0x00000000d8b8d7a0) thrown at [C:\re\workspace\8-2-build-windows-amd64-cygwin\jdk8u202\12323\hotspot\src\share\vm\classfile\systemDictionary.cpp, line 210
Event: 5.126 Thread 0x0000000003138000 Exception <a 'java/lang/ClassNotFoundException': org/springframework/beans/factory/BeanFactoryAwareCustomizer> (0x00000000d8ba3fc0) thrown at [C:\re\workspace\8-2-build-windows-amd64-cygwin\jdk8u202\12323\hotspot\src\share\vm\classfile\systemDictionary.cp
Event: 5.127 Thread 0x0000000003138000 Exception <a 'java/lang/ClassNotFoundException': org/springframework/beans/factory/AwareCustomizer> (0x00000000d8bb9140) thrown at [C:\re\workspace\8-2-build-windows-amd64-cygwin\jdk8u202\12323\hotspot\src\share\vm\classfile\systemDictionary.cpp, line 210
Event: 5.127 Thread 0x0000000003138000 Exception <a 'java/lang/ClassNotFoundException': org/springframework/beans/factory/InitializingBeanCustomizer> (0x00000000d8bcf948) thrown at [C:\re\workspace\8-2-build-windows-amd64-cygwin\jdk8u202\12323\hotspot\src\share\vm\classfile\systemDictionary.cp
Event: 5.127 Thread 0x0000000003138000 Exception <a 'java/lang/ClassNotFoundException': org/springframework/beans/factory/DisposableBeanCustomizer> (0x00000000d8be5c28) thrown at [C:\re\workspace\8-2-build-windows-amd64-cygwin\jdk8u202\12323\hotspot\src\share\vm\classfile\systemDictionary.cpp,
Event: 5.129 Thread 0x0000000003138000 Exception <a 'java/lang/ClassNotFoundException': java/lang/ObjectCustomizer> (0x00000000d8c0b100) thrown at [C:\re\workspace\8-2-build-windows-amd64-cygwin\jdk8u202\12323\hotspot\src\share\vm\classfile\systemDictionary.cpp, line 210]
Event: 5.129 Thread 0x0000000003138000 Exception <a 'java/lang/ClassNotFoundException': org/springframework/data/jpa/domain/support/AuditingEntityListenerCustomizer> (0x00000000d8c29030) thrown at [C:\re\workspace\8-2-build-windows-amd64-cygwin\jdk8u202\12323\hotspot\src\share\vm\classfile\sys
Event: 5.130 Thread 0x0000000003138000 Exception <a 'java/lang/ClassNotFoundException': org/springframework/beans/factory/aspectj/ConfigurableObjectCustomizer> (0x00000000d8c47cf0) thrown at [C:\re\workspace\8-2-build-windows-amd64-cygwin\jdk8u202\12323\hotspot\src\share\vm\classfile\systemDic

Events (10 events):
Event: 5.212 loading class org/hibernate/cache/spi/access/EntityDataAccess
Event: 5.212 loading class org/hibernate/cache/spi/access/EntityDataAccess done
Event: 5.213 loading class org/hibernate/cache/spi/TimestampsCache
Event: 5.213 loading class org/hibernate/cache/spi/TimestampsCache done
Event: 5.213 loading class org/hibernate/cache/spi/access/CollectionDataAccess
Event: 5.213 loading class org/hibernate/cache/spi/access/CollectionDataAccess done
Event: 5.213 Thread 0x0000000003138000 DEOPT PACKING pc=0x0000000003b822d9 sp=0x000000000312df00
Event: 5.213 Thread 0x0000000003138000 DEOPT UNPACKING pc=0x0000000003447890 sp=0x000000000312dc20 mode 0
Event: 5.214 loading class org/hibernate/query/criteria/internal/CriteriaBuilderImpl
Event: 5.214 loading class org/hibernate/query/criteria/internal/CriteriaBuilderImpl done


Dynamic libraries:
0x00007ff66d3a0000 - 0x00007ff66d3d7000 	C:\Program Files\Java\jdk1.8.0_202\bin\java.exe
0x00007ffebed20000 - 0x00007ffebef10000 	C:\Windows\SYSTEM32\ntdll.dll
0x00007ffebd670000 - 0x00007ffebd722000 	C:\Windows\System32\KERNEL32.DLL
0x00007ffebc880000 - 0x00007ffebcb25000 	C:\Windows\System32\KERNELBASE.dll
0x00007ffebcea0000 - 0x00007ffebcf43000 	C:\Windows\System32\ADVAPI32.dll
0x00007ffebebd0000 - 0x00007ffebec6e000 	C:\Windows\System32\msvcrt.dll
0x00007ffebd4a0000 - 0x00007ffebd537000 	C:\Windows\System32\sechost.dll
0x00007ffebddc0000 - 0x00007ffebdedf000 	C:\Windows\System32\RPCRT4.dll
0x00007ffebd1c0000 - 0x00007ffebd354000 	C:\Windows\System32\USER32.dll
0x00007ffebc850000 - 0x00007ffebc871000 	C:\Windows\System32\win32u.dll
0x00007ffebcf50000 - 0x00007ffebcf76000 	C:\Windows\System32\GDI32.dll
0x00007ffebcb30000 - 0x00007ffebccc8000 	C:\Windows\System32\gdi32full.dll
0x00007ffebbf70000 - 0x00007ffebc00e000 	C:\Windows\System32\msvcp_win.dll
0x00007ffebbc90000 - 0x00007ffebbd8a000 	C:\Windows\System32\ucrtbase.dll
0x00007ffea59c0000 - 0x00007ffea5c44000 	C:\Windows\WinSxS\amd64_microsoft.windows.common-controls_6595b64144ccf1df_6.0.18362.1500_none_9e79be6de462295c\COMCTL32.dll
0x00007ffebd7a0000 - 0x00007ffebdad6000 	C:\Windows\System32\combase.dll
0x00007ffebc010000 - 0x00007ffebc091000 	C:\Windows\System32\bcryptPrimitives.dll
0x00007ffebdfa0000 - 0x00007ffebdfce000 	C:\Windows\System32\IMM32.DLL
0x0000000065170000 - 0x0000000065242000 	C:\Program Files\Java\jdk1.8.0_202\jre\bin\msvcr100.dll
0x000000005f790000 - 0x0000000060035000 	C:\Program Files\Java\jdk1.8.0_202\jre\bin\server\jvm.dll
0x00007ffebddb0000 - 0x00007ffebddb8000 	C:\Windows\System32\PSAPI.DLL
0x00007ffeb16e0000 - 0x00007ffeb16e9000 	C:\Windows\SYSTEM32\WSOCK32.dll
0x00007ffebdc90000 - 0x00007ffebdcff000 	C:\Windows\System32\WS2_32.dll
0x00007ffeb9a50000 - 0x00007ffeb9a74000 	C:\Windows\SYSTEM32\WINMM.dll
0x00007ffeb6480000 - 0x00007ffeb648a000 	C:\Windows\SYSTEM32\VERSION.dll
0x00007ffeb9a20000 - 0x00007ffeb9a4d000 	C:\Windows\SYSTEM32\WINMMBASE.dll
0x00007ffebcd80000 - 0x00007ffebcdca000 	C:\Windows\System32\cfgmgr32.dll
0x00007ffeac980000 - 0x00007ffeac98f000 	C:\Program Files\Java\jdk1.8.0_202\jre\bin\verify.dll
0x00007ffe9c6a0000 - 0x00007ffe9c6c9000 	C:\Program Files\Java\jdk1.8.0_202\jre\bin\java.dll
0x00007ffea16d0000 - 0x00007ffea16f3000 	C:\Program Files\Java\jdk1.8.0_202\jre\bin\instrument.dll
0x00007ffe9cbd0000 - 0x00007ffe9cbe6000 	C:\Program Files\Java\jdk1.8.0_202\jre\bin\zip.dll
0x00007ffebdfd0000 - 0x00007ffebe6b8000 	C:\Windows\System32\SHELL32.dll
0x00007ffebd540000 - 0x00007ffebd5e7000 	C:\Windows\System32\shcore.dll
0x00007ffebc0d0000 - 0x00007ffebc84b000 	C:\Windows\System32\windows.storage.dll
0x00007ffebbc70000 - 0x00007ffebbc8e000 	C:\Windows\System32\profapi.dll
0x00007ffebbbe0000 - 0x00007ffebbc2a000 	C:\Windows\System32\powrprof.dll
0x00007ffebbbd0000 - 0x00007ffebbbe0000 	C:\Windows\System32\UMPDC.dll
0x00007ffebdee0000 - 0x00007ffebdf32000 	C:\Windows\System32\shlwapi.dll
0x00007ffebbc50000 - 0x00007ffebbc61000 	C:\Windows\System32\kernel.appcore.dll
0x00007ffebbdf0000 - 0x00007ffebbe07000 	C:\Windows\System32\cryptsp.dll
0x00007ffea2010000 - 0x00007ffea202a000 	E:\IntelliJ IDEA Community Edition 2022.2.3\bin\breakgen64.dll
0x00007ffe97680000 - 0x00007ffe9769a000 	C:\Program Files\Java\jdk1.8.0_202\jre\bin\net.dll
0x00007ffeadf30000 - 0x00007ffeae107000 	C:\Windows\SYSTEM32\urlmon.dll
0x00007ffeadc70000 - 0x00007ffeadf17000 	C:\Windows\SYSTEM32\iertutil.dll
0x00007ffebb580000 - 0x00007ffebb58c000 	C:\Windows\SYSTEM32\CRYPTBASE.DLL
0x00007ffebb3b0000 - 0x00007ffebb417000 	C:\Windows\system32\mswsock.dll
0x00007ffeac9c0000 - 0x00007ffeac9cd000 	C:\Program Files\Java\jdk1.8.0_202\jre\bin\management.dll
0x00007ffea3b20000 - 0x00007ffea3b36000 	C:\Windows\system32\napinsp.dll
0x00007ffea3b00000 - 0x00007ffea3b1a000 	C:\Windows\system32\pnrpnsp.dll
0x00007ffea3380000 - 0x00007ffea3395000 	C:\Windows\system32\wshbth.dll
0x00007ffeb8410000 - 0x00007ffeb842c000 	C:\Windows\system32\NLAapi.dll
0x00007ffebb0c0000 - 0x00007ffebb0fa000 	C:\Windows\SYSTEM32\IPHLPAPI.DLL
0x00007ffebb100000 - 0x00007ffebb1cb000 	C:\Windows\SYSTEM32\DNSAPI.dll
0x00007ffebcf80000 - 0x00007ffebcf88000 	C:\Windows\System32\NSI.dll
0x00007ffea3b80000 - 0x00007ffea3b8e000 	C:\Windows\System32\winrnr.dll
0x00007ffeb5500000 - 0x00007ffeb550a000 	C:\Windows\System32\rasadhlp.dll
0x00007ffeb58a0000 - 0x00007ffeb5917000 	C:\Windows\System32\fwpuclnt.dll
0x00007ffebc0a0000 - 0x00007ffebc0c6000 	C:\Windows\System32\bcrypt.dll
0x00007ffe97360000 - 0x00007ffe97372000 	C:\Program Files\Java\jdk1.8.0_202\jre\bin\nio.dll
0x00007ffebaf30000 - 0x00007ffebaf63000 	C:\Windows\system32\rsaenh.dll
0x00007ffebbac0000 - 0x00007ffebbae5000 	C:\Windows\SYSTEM32\USERENV.dll
0x00007ffeb6680000 - 0x00007ffeb6696000 	C:\Windows\SYSTEM32\dhcpcsvc6.DLL
0x00007ffeb6660000 - 0x00007ffeb667c000 	C:\Windows\SYSTEM32\dhcpcsvc.DLL
0x00007ffe9bb00000 - 0x00007ffe9bb24000 	C:\Program Files\Java\jdk1.8.0_202\jre\bin\sunec.dll
0x00007ffeac240000 - 0x00007ffeac24b000 	C:\Program Files\Java\jdk1.8.0_202\jre\bin\sunmscapi.dll
0x00007ffebbe10000 - 0x00007ffebbf61000 	C:\Windows\System32\CRYPT32.dll
0x00007ffebbc30000 - 0x00007ffebbc42000 	C:\Windows\System32\MSASN1.dll

VM Arguments:
jvm_args: -javaagent:E:\IntelliJ IDEA Community Edition 2022.2.3\lib\idea_rt.jar=7395:E:\IntelliJ IDEA Community Edition 2022.2.3\bin -Dfile.encoding=UTF-8 
java_command: com.Springweb.Webstart
java_class_path (initial): C:\Program Files\Java\jdk1.8.0_202\jre\lib\charsets.jar;C:\Program Files\Java\jdk1.8.0_202\jre\lib\deploy.jar;C:\Program Files\Java\jdk1.8.0_202\jre\lib\ext\access-bridge-64.jar;C:\Program Files\Java\jdk1.8.0_202\jre\lib\ext\cldrdata.jar;C:\Program Files\Java\jdk1.8.0_202\jre\lib\ext\dnsns.jar;C:\Program Files\Java\jdk1.8.0_202\jre\lib\ext\jaccess.jar;C:\Program Files\Java\jdk1.8.0_202\jre\lib\ext\jfxrt.jar;C:\Program Files\Java\jdk1.8.0_202\jre\lib\ext\localedata.jar;C:\Program Files\Java\jdk1.8.0_202\jre\lib\ext\nashorn.jar;C:\Program Files\Java\jdk1.8.0_202\jre\lib\ext\sunec.jar;C:\Program Files\Java\jdk1.8.0_202\jre\lib\ext\sunjce_provider.jar;C:\Program Files\Java\jdk1.8.0_202\jre\lib\ext\sunmscapi.jar;C:\Program Files\Java\jdk1.8.0_202\jre\lib\ext\sunpkcs11.jar;C:\Program Files\Java\jdk1.8.0_202\jre\lib\ext\zipfs.jar;C:\Program Files\Java\jdk1.8.0_202\jre\lib\javaws.jar;C:\Program Files\Java\jdk1.8.0_202\jre\lib\jce.jar;C:\Program Files\Java\jdk1.8.0_202\jre\lib\jfr.jar;C:\Program Files\Java\jdk1.8.0_202\jre\lib\jfxswt.jar;C:\Program Files\Java\jdk1.8.0_202\jre\lib\jsse.jar;C:\Program Files\Java\jdk1.8.0_202\jre\lib\management-agent.jar;C:\Program Files\Java\jdk1.8.0_202\jre\lib\plugin.jar;C:\Program Files\Java\jdk1.8.0_202\jre\lib\resources.jar;C:\Program Files\Java\jdk1.8.0_202\jre\lib\rt.jar;C:\Users\win7\Desktop\Springweb\out\production\classes;C:\Users\win7\Desktop\Springweb\out\production\resources;C:\Users\win7\.gradle\caches\modules-2\files-2.1\org.springframework.boot\spring-boot-starter-web\2.7.5\bb4099d0466a62c3b11ab9323babca13bb430a2e\spring-boot-starter-web-2.7.5.jar;C:\Users\win7\.gradle\caches\modules-2\files-2.1\org.springframework.boot\spring-boot-starter-data-jpa\2.7.5\b83184467079d5b808fb2f9fbc858b1804975808\spring-boot-starter-data-jpa-2.7.5.jar;C:\Users\win7\.gradle\caches\modules-2\files-2.1\org.springframework.boot\spring-boot-starter-mail\2.7.5\f36261f4cc30d8a8a70c5db617c57ea0c00170b5\spring-boot-starter-mai
Launcher Type: SUN_STANDARD

Environment Variables:
JAVA_HOME=C:\Program Files\Java\jdk-18.0.2
PATH=C:\Program Files\Common Files\Oracle\Java\javapath;C:\Program Files (x86)\Common Files\Oracle\Java\javapath;C:\Program Files (x86)\NAT Service;C:\WINDOWS\system32;C:\WINDOWS;C:\WINDOWS\System32\Wbem;C:\WINDOWS\System32\WindowsPowerShell\v1.0\;C:\WINDOWS\System32\OpenSSH\;C:\Program Files\Java\jdk-15.0.1\bin;C:\Program Files (x86)\NVIDIA Corporation\PhysX\Common;C:\Program Files\NVIDIA Corporation\NVIDIA NvDLISR;C:\Program Files\Java\jdk1.8.0_271\bin;C:\Users\win7\AppData\Roaming\nvm;C:\Program Files\nodejs;C:\Program Files\Git\cmd;C:\ProgramData\chocolatey\bin;C:\Program Files\OpenJDK\openjdk-8u332-b09\bin;E:\sdk\platform-tools;C:\Program Files\Java\jdk-18.0.2\bin;%JAVA_HOME%\bin;C:\Users\win7\AppData\Local\Microsoft\WindowsApps;C:\Users\win7\AppData\Local\atom\bin;C:\Users\win7\AppData\Local\afreeca;E:\Microsoft VS Code\bin;C:\Users\win7\AppData\Roaming\npm;C:\Users\win7\AppData\Roaming\nvm;C:\Program Files\nodejs;C:\Users\win7\AppData\Local\GitHubDesktop\bin;C:\Program Files\heroku\bin;C:\Program Files\Git\cmd;C:\Program Files\mysql-8.0.29-winx64\bin;C:\Program Files\MySQL\MySQL Server 8.0\bin;
USERNAME=win7
OS=Windows_NT
PROCESSOR_IDENTIFIER=Intel64 Family 6 Model 60 Stepping 3, GenuineIntel



---------------  S Y S T E M  ---------------

OS: Windows 10.0 , 64 bit Build 18362 (10.0.18362.1500)

CPU:total 4 (initial active 4) (4 cores per cpu, 1 threads per core) family 6 model 60 stepping 3, cmov, cx8, fxsr, mmx, sse, sse2, sse3, ssse3, sse4.1, sse4.2, popcnt, avx, avx2, aes, clmul, erms, lzcnt, tsc, tscinvbit, bmi1, bmi2

Memory: 4k page, physical 8325612k(654448k free), swap 16157164k(4772k free)

vm_info: Java HotSpot(TM) 64-Bit Server VM (25.202-b08) for windows-amd64 JRE (1.8.0_202-b08), built on Dec 15 2018 19:54:30 by "java_re" with MS VC++ 10.0 (VS2010)

time: Sun Nov 27 18:22:58 2022
timezone: 대한민국 표준시
elapsed time: 5 seconds (0d 0h 0m 5s)

